0 info it worked if it ends with ok
1 verbose cli [
1 verbose cli   '/usr/local/bin/node',
1 verbose cli   '/usr/local/bin/npm',
1 verbose cli   'install',
1 verbose cli   '--ignore-scripts',
1 verbose cli   '@types/lodash.debounce@ts3.6',
1 verbose cli   '@types/lodash.memoize@ts3.6',
1 verbose cli   '@types/lodash.merge@ts3.6',
1 verbose cli   '@types/lodash.template@ts3.6',
1 verbose cli   '@types/lodash.truncate@ts3.6',
1 verbose cli   '@types/lodash.uniq@ts3.6',
1 verbose cli   '@types/makeerror@ts3.6',
1 verbose cli   '@types/media-typer@ts3.6',
1 verbose cli   '@types/memory-fs@ts3.6',
1 verbose cli   '@types/memorystream@ts3.6',
1 verbose cli   '@types/merge-descriptors@ts3.6',
1 verbose cli   '@types/merge-stream@ts3.6',
1 verbose cli   '@types/merge2@ts3.6',
1 verbose cli   '@types/methods@ts3.6',
1 verbose cli   '@types/micromatch@ts3.6',
1 verbose cli   '@types/mime@ts3.6',
1 verbose cli   '@types/mime-db@ts3.6',
1 verbose cli   '@types/mime-types@ts3.6',
1 verbose cli   '@types/min-indent@ts3.6',
1 verbose cli   '@types/minimalistic-assert@ts3.6',
1 verbose cli   '@types/minimist@ts3.6',
1 verbose cli   '@types/minizlib@ts3.6',
1 verbose cli   '@types/move-concurrently@ts3.6',
1 verbose cli   '@types/ms@ts3.6',
1 verbose cli   '@types/multicast-dns@ts3.6',
1 verbose cli   '@types/mute-stream@ts3.6',
1 verbose cli   '@types/natural-compare@ts3.6',
1 verbose cli   '@types/negotiator@ts3.6',
1 verbose cli   '@types/neo-async@ts3.6',
1 verbose cli   '@types/next-tick@ts3.6',
1 verbose cli   '@types/nice-try@ts3.6',
1 verbose cli   '@types/node-fetch@ts3.6',
1 verbose cli   '@types/node-forge@ts3.6',
1 verbose cli   '@types/node-int64@ts3.6',
1 verbose cli   '@types/node-notifier@ts3.6',
1 verbose cli   '@types/normalize-package-data@ts3.6',
1 verbose cli   '@types/normalize-path@ts3.6',
1 verbose cli   '@types/num2fraction@ts3.6',
1 verbose cli   '@types/nwsapi@ts3.6',
1 verbose cli   '@types/object-assign@ts3.6',
1 verbose cli   '@types/object-inspect@ts3.6',
1 verbose cli   '@types/object-keys@ts3.6',
1 verbose cli   '@types/object.fromentries@ts3.6',
1 verbose cli   '@types/object.getownpropertydescriptors@ts3.6',
1 verbose cli   '@types/object.pick@ts3.6',
1 verbose cli   '@types/on-finished@ts3.6',
1 verbose cli   '@types/on-headers@ts3.6',
1 verbose cli   '@types/once@ts3.6',
1 verbose cli   '@types/optimize-css-assets-webpack-plugin@ts3.6',
1 verbose cli   '@types/os-tmpdir@ts3.6',
1 verbose cli   '@types/pako@ts3.6',
1 verbose cli   '@types/parallel-transform@ts3.6',
1 verbose cli   '@types/parse-json@ts3.6',
1 verbose cli   '@types/parseurl@ts3.6',
1 verbose cli   '@types/pascalcase@ts3.6',
1 verbose cli   '@types/path-browserify@ts3.6',
1 verbose cli   '@types/path-is-absolute@ts3.6',
1 verbose cli   '@types/path-is-inside@ts3.6',
1 verbose cli   '@types/path-parse@ts3.6',
1 verbose cli   '@types/pbkdf2@ts3.6',
1 verbose cli   '@types/picomatch@ts3.6',
1 verbose cli   '@types/pify@ts3.6',
1 verbose cli   '@types/postcss-color-gray@ts3.6',
1 verbose cli   '@types/postcss-flexbugs-fixes@ts3.6',
1 verbose cli   '@types/postcss-font-variant@ts3.6',
1 verbose cli   '@types/postcss-gap-properties@ts3.6',
1 verbose cli   '@types/postcss-modules-extract-imports@ts3.6',
1 verbose cli   '@types/postcss-modules-local-by-default@ts3.6',
1 verbose cli   '@types/postcss-modules-scope@ts3.6',
1 verbose cli   '@types/postcss-modules-values@ts3.6',
1 verbose cli   '@types/postcss-normalize@ts3.6',
1 verbose cli   '@types/postcss-page-break@ts3.6',
1 verbose cli   '@types/postcss-safe-parser@ts3.6',
1 verbose cli   '@types/prelude-ls@ts3.6',
1 verbose cli   '@types/prettier-linter-helpers@ts3.6',
1 verbose cli   '@types/progress@ts3.6',
1 verbose cli   '@types/promise-inflight@ts3.6',
1 verbose cli   '@types/prompts@ts3.6',
1 verbose cli   '@types/prop-types@ts3.6',
1 verbose cli   '@types/proxy-addr@ts3.6',
1 verbose cli   '@types/psl@ts3.6',
1 verbose cli   '@types/pump@ts3.6',
1 verbose cli   '@types/pumpify@ts3.6',
1 verbose cli   '@types/punycode@ts3.6',
1 verbose cli   '@types/q@ts3.6',
1 verbose cli   '@types/qs@ts3.6',
1 verbose cli   '@types/querystringify@ts3.6',
1 verbose cli   '@types/raf@ts3.6',
1 verbose cli   '@types/randombytes@ts3.6',
1 verbose cli   '@types/range-parser@ts3.6',
1 verbose cli   '@types/react-dev-utils@ts3.6',
1 verbose cli   '@types/react-is@ts3.6',
1 verbose cli   '@types/react-refresh@ts3.6',
1 verbose cli   '@types/readable-stream@ts3.6',
1 verbose cli   '@types/recursive-readdir@ts3.6',
1 verbose cli   '@types/regenerate@ts3.6',
1 verbose cli   ... 114 more items
1 verbose cli ]
2 info using npm@6.14.6
3 info using node@v12.18.3
4 verbose npm-session 476839accd1127f1
5 silly install loadCurrentTree
6 silly install readLocalPackageData
7 http fetch GET 304 https://registry.npmjs.org/@types%2fmemorystream 667ms (from cache)
8 http fetch GET 304 https://registry.npmjs.org/@types%2flodash.memoize 692ms (from cache)
9 http fetch GET 304 https://registry.npmjs.org/@types%2fmakeerror 682ms (from cache)
10 http fetch GET 304 https://registry.npmjs.org/@types%2flodash.uniq 685ms (from cache)
11 silly registry:manifest no matching version for @types/makeerror@ts3.6 in the cache. Forcing revalidation.
12 silly pacote tag manifest for @types/memorystream@ts3.6 fetched in 687ms
13 silly pacote tag manifest for @types/lodash.memoize@ts3.6 fetched in 719ms
14 silly pacote tag manifest for @types/lodash.uniq@ts3.6 fetched in 711ms
15 http fetch GET 304 https://registry.npmjs.org/@types%2flodash.template 721ms (from cache)
16 http fetch GET 304 https://registry.npmjs.org/@types%2flodash.truncate 723ms (from cache)
17 http fetch GET 304 https://registry.npmjs.org/@types%2flodash.debounce 736ms (from cache)
18 http fetch GET 304 https://registry.npmjs.org/@types%2flodash.merge 735ms (from cache)
19 silly pacote tag manifest for @types/lodash.template@ts3.6 fetched in 739ms
20 silly pacote tag manifest for @types/lodash.truncate@ts3.6 fetched in 740ms
21 silly pacote tag manifest for @types/lodash.debounce@ts3.6 fetched in 760ms
22 silly pacote tag manifest for @types/lodash.merge@ts3.6 fetched in 749ms
23 http fetch GET 200 https://registry.npmjs.org/@types%2fmakeerror 215ms
24 silly fetchPackageMetaData error for @types/makeerror@ts3.6 No matching version found for @types/makeerror@ts3.6.
25 http fetch GET 304 https://registry.npmjs.org/@types%2fmime 175ms (from cache)
26 silly pacote tag manifest for @types/mime@ts3.6 fetched in 186ms
27 http fetch GET 304 https://registry.npmjs.org/@types%2fmicromatch 200ms (from cache)
28 http fetch GET 304 https://registry.npmjs.org/@types%2fmerge2 227ms (from cache)
29 http fetch GET 304 https://registry.npmjs.org/@types%2fmerge-descriptors 243ms (from cache)
30 silly pacote tag manifest for @types/micromatch@ts3.6 fetched in 213ms
31 http fetch GET 304 https://registry.npmjs.org/@types%2fmerge-stream 239ms (from cache)
32 silly pacote tag manifest for @types/merge2@ts3.6 fetched in 244ms
33 silly pacote tag manifest for @types/merge-descriptors@ts3.6 fetched in 258ms
34 http fetch GET 304 https://registry.npmjs.org/@types%2fmethods 232ms (from cache)
35 silly pacote tag manifest for @types/merge-stream@ts3.6 fetched in 256ms
36 silly pacote tag manifest for @types/methods@ts3.6 fetched in 245ms
37 http fetch GET 304 https://registry.npmjs.org/@types%2fmime-db 248ms (from cache)
38 silly pacote tag manifest for @types/mime-db@ts3.6 fetched in 252ms
39 http fetch GET 304 https://registry.npmjs.org/@types%2fmime-types 141ms (from cache)
40 silly pacote tag manifest for @types/mime-types@ts3.6 fetched in 148ms
41 http fetch GET 304 https://registry.npmjs.org/@types%2fminimalistic-assert 168ms (from cache)
42 silly pacote tag manifest for @types/minimalistic-assert@ts3.6 fetched in 177ms
43 http fetch GET 304 https://registry.npmjs.org/@types%2fminizlib 175ms (from cache)
44 silly pacote tag manifest for @types/minizlib@ts3.6 fetched in 189ms
45 http fetch GET 304 https://registry.npmjs.org/@types%2fminimist 193ms (from cache)
46 http fetch GET 304 https://registry.npmjs.org/@types%2fmove-concurrently 183ms (from cache)
47 silly pacote tag manifest for @types/minimist@ts3.6 fetched in 200ms
48 silly pacote tag manifest for @types/move-concurrently@ts3.6 fetched in 190ms
49 http fetch GET 304 https://registry.npmjs.org/@types%2fms 197ms (from cache)
50 silly pacote tag manifest for @types/ms@ts3.6 fetched in 212ms
51 http fetch GET 304 https://registry.npmjs.org/@types%2fmin-indent 269ms (from cache)
52 silly pacote tag manifest for @types/min-indent@ts3.6 fetched in 279ms
53 http fetch GET 304 https://registry.npmjs.org/@types%2fmulticast-dns 223ms (from cache)
54 silly pacote tag manifest for @types/multicast-dns@ts3.6 fetched in 226ms
55 http fetch GET 304 https://registry.npmjs.org/@types%2fnatural-compare 172ms (from cache)
56 silly pacote tag manifest for @types/natural-compare@ts3.6 fetched in 176ms
57 http fetch GET 304 https://registry.npmjs.org/@types%2fnegotiator 177ms (from cache)
58 silly pacote tag manifest for @types/negotiator@ts3.6 fetched in 182ms
59 http fetch GET 304 https://registry.npmjs.org/@types%2fnode-forge 227ms (from cache)
60 http fetch GET 304 https://registry.npmjs.org/@types%2fnice-try 255ms (from cache)
61 http fetch GET 304 https://registry.npmjs.org/@types%2fneo-async 288ms (from cache)
62 silly registry:manifest no matching version for @types/neo-async@ts3.6 in the cache. Forcing revalidation.
63 http fetch GET 304 https://registry.npmjs.org/@types%2fnext-tick 295ms (from cache)
64 http fetch GET 304 https://registry.npmjs.org/@types%2fnode-fetch 254ms (from cache)
65 silly pacote tag manifest for @types/node-forge@ts3.6 fetched in 246ms
66 silly pacote tag manifest for @types/nice-try@ts3.6 fetched in 274ms
67 silly pacote tag manifest for @types/next-tick@ts3.6 fetched in 306ms
68 silly pacote tag manifest for @types/node-fetch@ts3.6 fetched in 264ms
69 http fetch GET 304 https://registry.npmjs.org/@types%2fnode-int64 201ms (from cache)
70 http fetch GET 304 https://registry.npmjs.org/@types%2fnode-notifier 173ms (from cache)
71 silly pacote tag manifest for @types/node-int64@ts3.6 fetched in 205ms
72 silly pacote tag manifest for @types/node-notifier@ts3.6 fetched in 179ms
73 http fetch GET 304 https://registry.npmjs.org/@types%2fnum2fraction 168ms (from cache)
74 silly pacote tag manifest for @types/num2fraction@ts3.6 fetched in 176ms
75 http fetch GET 304 https://registry.npmjs.org/@types%2fnormalize-path 204ms (from cache)
76 silly pacote tag manifest for @types/normalize-path@ts3.6 fetched in 214ms
77 http fetch GET 304 https://registry.npmjs.org/@types%2fobject-assign 185ms (from cache)
78 http fetch GET 304 https://registry.npmjs.org/@types%2fnwsapi 226ms (from cache)
79 silly pacote tag manifest for @types/object-assign@ts3.6 fetched in 191ms
80 http fetch GET 304 https://registry.npmjs.org/@types%2fobject-inspect 191ms (from cache)
81 http fetch GET 304 https://registry.npmjs.org/@types%2fnormalize-package-data 239ms (from cache)
82 silly pacote tag manifest for @types/nwsapi@ts3.6 fetched in 234ms
83 silly pacote tag manifest for @types/object-inspect@ts3.6 fetched in 196ms
84 silly pacote tag manifest for @types/normalize-package-data@ts3.6 fetched in 247ms
85 http fetch GET 304 https://registry.npmjs.org/@types%2fobject.fromentries 163ms (from cache)
86 silly pacote tag manifest for @types/object.fromentries@ts3.6 fetched in 168ms
87 http fetch GET 304 https://registry.npmjs.org/@types%2fobject.getownpropertydescriptors 155ms (from cache)
88 silly pacote tag manifest for @types/object.getownpropertydescriptors@ts3.6 fetched in 163ms
89 http fetch GET 304 https://registry.npmjs.org/@types%2fobject.pick 169ms (from cache)
90 http fetch GET 304 https://registry.npmjs.org/@types%2fon-finished 172ms (from cache)
91 silly pacote tag manifest for @types/object.pick@ts3.6 fetched in 179ms
92 silly pacote tag manifest for @types/on-finished@ts3.6 fetched in 179ms
93 http fetch GET 304 https://registry.npmjs.org/@types%2fon-headers 190ms (from cache)
94 silly pacote tag manifest for @types/on-headers@ts3.6 fetched in 195ms
95 http fetch GET 304 https://registry.npmjs.org/@types%2fonce 149ms (from cache)
96 silly pacote tag manifest for @types/once@ts3.6 fetched in 154ms
97 http fetch GET 304 https://registry.npmjs.org/@types%2foptimize-css-assets-webpack-plugin 152ms (from cache)
98 silly pacote tag manifest for @types/optimize-css-assets-webpack-plugin@ts3.6 fetched in 155ms
99 http fetch GET 304 https://registry.npmjs.org/@types%2fmemory-fs 2037ms (from cache)
100 silly pacote tag manifest for @types/memory-fs@ts3.6 fetched in 2041ms
101 http fetch GET 304 https://registry.npmjs.org/@types%2fos-tmpdir 182ms (from cache)
102 silly pacote tag manifest for @types/os-tmpdir@ts3.6 fetched in 186ms
103 http fetch GET 304 https://registry.npmjs.org/@types%2fparallel-transform 188ms (from cache)
104 silly pacote tag manifest for @types/parallel-transform@ts3.6 fetched in 194ms
105 http fetch GET 304 https://registry.npmjs.org/@types%2fpako 217ms (from cache)
106 silly pacote tag manifest for @types/pako@ts3.6 fetched in 222ms
107 http fetch GET 304 https://registry.npmjs.org/@types%2fparse-json 126ms (from cache)
108 silly pacote tag manifest for @types/parse-json@ts3.6 fetched in 130ms
109 http fetch GET 304 https://registry.npmjs.org/@types%2fpascalcase 189ms (from cache)
110 silly pacote tag manifest for @types/pascalcase@ts3.6 fetched in 192ms
111 http fetch GET 304 https://registry.npmjs.org/@types%2fpath-browserify 167ms (from cache)
112 silly registry:manifest no matching version for @types/path-browserify@ts3.6 in the cache. Forcing revalidation.
113 http fetch GET 304 https://registry.npmjs.org/@types%2fpath-is-absolute 157ms (from cache)
114 silly pacote tag manifest for @types/path-is-absolute@ts3.6 fetched in 160ms
115 http fetch GET 304 https://registry.npmjs.org/@types%2fpath-is-inside 172ms (from cache)
116 http fetch GET 304 https://registry.npmjs.org/@types%2fpath-parse 150ms (from cache)
117 silly pacote tag manifest for @types/path-is-inside@ts3.6 fetched in 177ms
118 silly pacote tag manifest for @types/path-parse@ts3.6 fetched in 156ms
119 http fetch GET 200 https://registry.npmjs.org/@types%2fpath-browserify 173ms
120 silly fetchPackageMetaData error for @types/path-browserify@ts3.6 No matching version found for @types/path-browserify@ts3.6.
121 http fetch GET 304 https://registry.npmjs.org/@types%2fpbkdf2 190ms (from cache)
122 http fetch GET 304 https://registry.npmjs.org/@types%2fpicomatch 169ms (from cache)
123 silly pacote tag manifest for @types/pbkdf2@ts3.6 fetched in 197ms
124 silly pacote tag manifest for @types/picomatch@ts3.6 fetched in 176ms
125 http fetch GET 304 https://registry.npmjs.org/@types%2fpify 159ms (from cache)
126 silly pacote tag manifest for @types/pify@ts3.6 fetched in 164ms
127 http fetch GET 304 https://registry.npmjs.org/@types%2fmedia-typer 2555ms (from cache)
128 silly pacote tag manifest for @types/media-typer@ts3.6 fetched in 2559ms
129 http fetch GET 304 https://registry.npmjs.org/@types%2fpostcss-modules-extract-imports 149ms (from cache)
130 silly pacote tag manifest for @types/postcss-modules-extract-imports@ts3.6 fetched in 152ms
131 http fetch GET 304 https://registry.npmjs.org/@types%2fpostcss-font-variant 170ms (from cache)
132 silly registry:manifest no matching version for @types/postcss-font-variant@ts3.6 in the cache. Forcing revalidation.
133 http fetch GET 304 https://registry.npmjs.org/@types%2fpostcss-flexbugs-fixes 194ms (from cache)
134 silly pacote tag manifest for @types/postcss-flexbugs-fixes@ts3.6 fetched in 197ms
135 http fetch GET 304 https://registry.npmjs.org/@types%2fpostcss-modules-values 164ms (from cache)
136 silly pacote tag manifest for @types/postcss-modules-values@ts3.6 fetched in 167ms
137 http fetch GET 304 https://registry.npmjs.org/@types%2fmute-stream 1766ms (from cache)
138 http fetch GET 304 https://registry.npmjs.org/@types%2fpostcss-modules-local-by-default 264ms (from cache)
139 silly pacote tag manifest for @types/mute-stream@ts3.6 fetched in 1775ms
140 http fetch GET 304 https://registry.npmjs.org/@types%2fpostcss-modules-scope 224ms (from cache)
141 silly pacote tag manifest for @types/postcss-modules-local-by-default@ts3.6 fetched in 270ms
142 silly pacote tag manifest for @types/postcss-modules-scope@ts3.6 fetched in 229ms
143 http fetch GET 304 https://registry.npmjs.org/@types%2fpostcss-normalize 169ms (from cache)
144 silly pacote tag manifest for @types/postcss-normalize@ts3.6 fetched in 172ms
145 http fetch GET 304 https://registry.npmjs.org/@types%2fpostcss-page-break 133ms (from cache)
146 silly registry:manifest no matching version for @types/postcss-page-break@ts3.6 in the cache. Forcing revalidation.
147 http fetch GET 304 https://registry.npmjs.org/@types%2fpostcss-safe-parser 162ms (from cache)
148 silly pacote tag manifest for @types/postcss-safe-parser@ts3.6 fetched in 166ms
149 http fetch GET 304 https://registry.npmjs.org/@types%2fprelude-ls 187ms (from cache)
150 silly pacote tag manifest for @types/prelude-ls@ts3.6 fetched in 190ms
151 http fetch GET 304 https://registry.npmjs.org/@types%2fprogress 148ms (from cache)
152 silly pacote tag manifest for @types/progress@ts3.6 fetched in 152ms
153 http fetch GET 304 https://registry.npmjs.org/@types%2fprettier-linter-helpers 193ms (from cache)
154 silly pacote tag manifest for @types/prettier-linter-helpers@ts3.6 fetched in 197ms
155 http fetch GET 304 https://registry.npmjs.org/@types%2fpromise-inflight 150ms (from cache)
156 silly pacote tag manifest for @types/promise-inflight@ts3.6 fetched in 152ms
157 http fetch GET 200 https://registry.npmjs.org/@types%2fneo-async 1794ms
158 silly fetchPackageMetaData error for @types/neo-async@ts3.6 No matching version found for @types/neo-async@ts3.6.
159 http fetch GET 304 https://registry.npmjs.org/@types%2fprop-types 140ms (from cache)
160 silly pacote tag manifest for @types/prop-types@ts3.6 fetched in 143ms
161 http fetch GET 304 https://registry.npmjs.org/@types%2fprompts 166ms (from cache)
162 silly pacote tag manifest for @types/prompts@ts3.6 fetched in 171ms
163 http fetch GET 304 https://registry.npmjs.org/@types%2fproxy-addr 154ms (from cache)
164 silly pacote tag manifest for @types/proxy-addr@ts3.6 fetched in 157ms
165 http fetch GET 304 https://registry.npmjs.org/@types%2fpsl 120ms (from cache)
166 silly pacote tag manifest for @types/psl@ts3.6 fetched in 123ms
167 http fetch GET 304 https://registry.npmjs.org/@types%2fpump 193ms (from cache)
168 silly pacote tag manifest for @types/pump@ts3.6 fetched in 197ms
169 http fetch GET 304 https://registry.npmjs.org/@types%2fq 150ms (from cache)
170 http fetch GET 304 https://registry.npmjs.org/@types%2fpunycode 192ms (from cache)
171 silly pacote tag manifest for @types/q@ts3.6 fetched in 157ms
172 http fetch GET 304 https://registry.npmjs.org/@types%2fpumpify 212ms (from cache)
173 silly pacote tag manifest for @types/punycode@ts3.6 fetched in 199ms
174 silly pacote tag manifest for @types/pumpify@ts3.6 fetched in 218ms
175 http fetch GET 304 https://registry.npmjs.org/@types%2fpostcss-color-gray 1338ms (from cache)
176 silly registry:manifest no matching version for @types/postcss-color-gray@ts3.6 in the cache. Forcing revalidation.
177 http fetch GET 304 https://registry.npmjs.org/@types%2fqs 154ms (from cache)
178 silly pacote tag manifest for @types/qs@ts3.6 fetched in 158ms
179 http fetch GET 304 https://registry.npmjs.org/@types%2frandombytes 186ms (from cache)
180 silly pacote tag manifest for @types/randombytes@ts3.6 fetched in 193ms
181 http fetch GET 304 https://registry.npmjs.org/@types%2fraf 202ms (from cache)
182 silly pacote tag manifest for @types/raf@ts3.6 fetched in 208ms
183 http fetch GET 304 https://registry.npmjs.org/@types%2fquerystringify 238ms (from cache)
184 silly pacote tag manifest for @types/querystringify@ts3.6 fetched in 244ms
185 http fetch GET 304 https://registry.npmjs.org/@types%2frange-parser 199ms (from cache)
186 silly pacote tag manifest for @types/range-parser@ts3.6 fetched in 203ms
187 http fetch GET 304 https://registry.npmjs.org/@types%2fobject-keys 2236ms (from cache)
188 silly pacote tag manifest for @types/object-keys@ts3.6 fetched in 2239ms
189 http fetch GET 304 https://registry.npmjs.org/@types%2freact-is 256ms (from cache)
190 http fetch GET 304 https://registry.npmjs.org/@types%2freact-dev-utils 269ms (from cache)
191 silly pacote tag manifest for @types/react-is@ts3.6 fetched in 261ms
192 silly pacote tag manifest for @types/react-dev-utils@ts3.6 fetched in 275ms
193 http fetch GET 304 https://registry.npmjs.org/@types%2fpostcss-gap-properties 1584ms (from cache)
194 silly pacote tag manifest for @types/postcss-gap-properties@ts3.6 fetched in 1589ms
195 http fetch GET 304 https://registry.npmjs.org/@types%2fparseurl 2026ms (from cache)
196 silly pacote tag manifest for @types/parseurl@ts3.6 fetched in 2029ms
197 http fetch GET 304 https://registry.npmjs.org/@types%2frecursive-readdir 192ms (from cache)
198 silly pacote tag manifest for @types/recursive-readdir@ts3.6 fetched in 196ms
199 http fetch GET 304 https://registry.npmjs.org/@types%2fregenerator-runtime 158ms (from cache)
200 silly pacote tag manifest for @types/regenerator-runtime@ts3.6 fetched in 162ms
201 http fetch GET 304 https://registry.npmjs.org/@types%2fregenerate 174ms (from cache)
202 silly registry:manifest no matching version for @types/regenerate@ts3.6 in the cache. Forcing revalidation.
203 http fetch GET 304 https://registry.npmjs.org/@types%2frelateurl 147ms (from cache)
204 silly pacote tag manifest for @types/relateurl@ts3.6 fetched in 151ms
205 http fetch GET 304 https://registry.npmjs.org/@types%2frepeat-element 176ms (from cache)
206 silly pacote tag manifest for @types/repeat-element@ts3.6 fetched in 180ms
207 http fetch GET 304 https://registry.npmjs.org/@types%2frepeat-string 136ms (from cache)
208 silly pacote tag manifest for @types/repeat-string@ts3.6 fetched in 140ms
209 http fetch GET 304 https://registry.npmjs.org/@types%2frequire-directory 125ms (from cache)
210 silly pacote tag manifest for @types/require-directory@ts3.6 fetched in 128ms
211 http fetch GET 200 https://registry.npmjs.org/@types%2fpostcss-page-break 1430ms
212 silly fetchPackageMetaData error for @types/postcss-page-break@ts3.6 No matching version found for @types/postcss-page-break@ts3.6.
213 http fetch GET 304 https://registry.npmjs.org/@types%2frequire-from-string 145ms (from cache)
214 silly pacote tag manifest for @types/require-from-string@ts3.6 fetched in 149ms
215 http fetch GET 304 https://registry.npmjs.org/@types%2frequires-port 132ms (from cache)
216 silly pacote tag manifest for @types/requires-port@ts3.6 fetched in 136ms
217 http fetch GET 304 https://registry.npmjs.org/@types%2fresolve 168ms (from cache)
218 silly pacote tag manifest for @types/resolve@ts3.6 fetched in 171ms
219 http fetch GET 304 https://registry.npmjs.org/@types%2fretry 147ms (from cache)
220 silly pacote tag manifest for @types/retry@ts3.6 fetched in 150ms
221 http fetch GET 304 https://registry.npmjs.org/@types%2fripemd160 164ms (from cache)
222 silly pacote tag manifest for @types/ripemd160@ts3.6 fetched in 169ms
223 http fetch GET 304 https://registry.npmjs.org/@types%2frsvp 141ms (from cache)
224 silly pacote tag manifest for @types/rsvp@ts3.6 fetched in 145ms
225 http fetch GET 304 https://registry.npmjs.org/@types%2frun-parallel 170ms (from cache)
226 silly pacote tag manifest for @types/run-parallel@ts3.6 fetched in 173ms
227 http fetch GET 304 https://registry.npmjs.org/@types%2fsafer-buffer 138ms (from cache)
228 silly pacote tag manifest for @types/safer-buffer@ts3.6 fetched in 141ms
229 http fetch GET 200 https://registry.npmjs.org/@types%2fpostcss-font-variant 2142ms
230 silly fetchPackageMetaData error for @types/postcss-font-variant@ts3.6 No matching version found for @types/postcss-font-variant@ts3.6.
231 http fetch GET 304 https://registry.npmjs.org/@types%2fsafe-regex 211ms (from cache)
232 silly pacote tag manifest for @types/safe-regex@ts3.6 fetched in 214ms
233 http fetch GET 304 https://registry.npmjs.org/@types%2fsane 152ms (from cache)
234 silly pacote tag manifest for @types/sane@ts3.6 fetched in 155ms
235 http fetch GET 304 https://registry.npmjs.org/@types%2fsass-loader 157ms (from cache)
236 silly pacote tag manifest for @types/sass-loader@ts3.6 fetched in 163ms
237 http fetch GET 304 https://registry.npmjs.org/@types%2fsax 151ms (from cache)
238 silly pacote tag manifest for @types/sax@ts3.6 fetched in 155ms
239 http fetch GET 304 https://registry.npmjs.org/@types%2fscheduler 152ms (from cache)
240 silly pacote tag manifest for @types/scheduler@ts3.6 fetched in 155ms
241 http fetch GET 200 https://registry.npmjs.org/@types%2fselfsigned 145ms
242 silly fetchPackageMetaData error for @types/selfsigned@ts3.6 No matching version found for @types/selfsigned@ts3.6.
243 http fetch GET 200 https://registry.npmjs.org/@types%2fpostcss-color-gray 1374ms
244 silly fetchPackageMetaData error for @types/postcss-color-gray@ts3.6 No matching version found for @types/postcss-color-gray@ts3.6.
245 http fetch GET 304 https://registry.npmjs.org/@types%2fsemver 191ms (from cache)
246 http fetch GET 304 https://registry.npmjs.org/@types%2fsend 180ms (from cache)
247 silly pacote tag manifest for @types/semver@ts3.6 fetched in 204ms
248 silly pacote tag manifest for @types/send@ts3.6 fetched in 191ms
249 http fetch GET 304 https://registry.npmjs.org/@types%2fsemver-compare 231ms (from cache)
250 http fetch GET 304 https://registry.npmjs.org/@types%2fserialize-javascript 168ms (from cache)
251 silly pacote tag manifest for @types/semver-compare@ts3.6 fetched in 236ms
252 silly pacote tag manifest for @types/serialize-javascript@ts3.6 fetched in 174ms
253 http fetch GET 304 https://registry.npmjs.org/@types%2fserve-index 163ms (from cache)
254 silly pacote tag manifest for @types/serve-index@ts3.6 fetched in 167ms
255 http fetch GET 304 https://registry.npmjs.org/@types%2fserve-static 223ms (from cache)
256 silly pacote tag manifest for @types/serve-static@ts3.6 fetched in 226ms
257 http fetch GET 304 https://registry.npmjs.org/@types%2fset-value 217ms (from cache)
258 http fetch GET 304 https://registry.npmjs.org/@types%2fsetimmediate 188ms (from cache)
259 silly pacote tag manifest for @types/set-value@ts3.6 fetched in 223ms
260 silly pacote tag manifest for @types/setimmediate@ts3.6 fetched in 200ms
261 http fetch GET 200 https://registry.npmjs.org/@types%2fset-blocking 274ms
262 silly fetchPackageMetaData error for @types/set-blocking@ts3.6 No matching version found for @types/set-blocking@ts3.6.
263 http fetch GET 304 https://registry.npmjs.org/@types%2fsha.js 156ms (from cache)
264 silly pacote tag manifest for @types/sha.js@ts3.6 fetched in 159ms
265 http fetch GET 304 https://registry.npmjs.org/@types%2fshell-quote 168ms (from cache)
266 silly pacote tag manifest for @types/shell-quote@ts3.6 fetched in 173ms
267 http fetch GET 304 https://registry.npmjs.org/@types%2freact-refresh 1776ms (from cache)
268 silly registry:manifest no matching version for @types/react-refresh@ts3.6 in the cache. Forcing revalidation.
269 http fetch GET 304 https://registry.npmjs.org/@types%2fshebang-command 192ms (from cache)
270 silly pacote tag manifest for @types/shebang-command@ts3.6 fetched in 196ms
271 http fetch GET 304 https://registry.npmjs.org/@types%2fset-cookie-parser 442ms (from cache)
272 silly pacote tag manifest for @types/set-cookie-parser@ts3.6 fetched in 448ms
273 http fetch GET 304 https://registry.npmjs.org/@types%2fsignal-exit 211ms (from cache)
274 silly pacote tag manifest for @types/signal-exit@ts3.6 fetched in 215ms
275 http fetch GET 304 https://registry.npmjs.org/@types%2fregex-not 1574ms (from cache)
276 silly registry:manifest no matching version for @types/regex-not@ts3.6 in the cache. Forcing revalidation.
277 http fetch GET 304 https://registry.npmjs.org/@types%2freadable-stream 1821ms (from cache)
278 silly pacote tag manifest for @types/readable-stream@ts3.6 fetched in 1824ms
279 http fetch GET 304 https://registry.npmjs.org/@types%2fsockjs-client 158ms (from cache)
280 silly pacote tag manifest for @types/sockjs-client@ts3.6 fetched in 161ms
281 http fetch GET 304 https://registry.npmjs.org/@types%2fsource-map-support 147ms (from cache)
282 silly pacote tag manifest for @types/source-map-support@ts3.6 fetched in 150ms
283 http fetch GET 304 https://registry.npmjs.org/@types%2fsource-list-map 160ms (from cache)
284 silly pacote tag manifest for @types/source-list-map@ts3.6 fetched in 164ms
285 http fetch GET 304 https://registry.npmjs.org/@types%2fspdx-correct 112ms (from cache)
286 silly pacote tag manifest for @types/spdx-correct@ts3.6 fetched in 115ms
287 http fetch GET 304 https://registry.npmjs.org/@types%2fspdy 119ms (from cache)
288 silly pacote tag manifest for @types/spdy@ts3.6 fetched in 122ms
289 http fetch GET 200 https://registry.npmjs.org/@types%2fsafe-regex-test 1321ms
290 silly fetchPackageMetaData error for @types/safe-regex-test@ts3.6 No matching version found for @types/safe-regex-test@ts3.6.
291 http fetch GET 304 https://registry.npmjs.org/@types%2fspdx-expression-parse 185ms (from cache)
292 silly pacote tag manifest for @types/spdx-expression-parse@ts3.6 fetched in 190ms
293 http fetch GET 304 https://registry.npmjs.org/@types%2fsprintf 165ms (from cache)
294 silly pacote tag manifest for @types/sprintf@ts3.6 fetched in 175ms
295 http fetch GET 304 https://registry.npmjs.org/@types%2fsprintf-js 143ms (from cache)
296 silly pacote tag manifest for @types/sprintf-js@ts3.6 fetched in 146ms
297 http fetch GET 304 https://registry.npmjs.org/@types%2fssri 127ms (from cache)
298 silly pacote tag manifest for @types/ssri@ts3.6 fetched in 130ms
299 http fetch GET 304 https://registry.npmjs.org/@types%2fstream-shift 124ms (from cache)
300 http fetch GET 304 https://registry.npmjs.org/@types%2fstack-utils 168ms (from cache)
301 silly pacote tag manifest for @types/stream-shift@ts3.6 fetched in 131ms
302 silly pacote tag manifest for @types/stack-utils@ts3.6 fetched in 174ms
303 http fetch GET 304 https://registry.npmjs.org/@types%2fstatuses 160ms (from cache)
304 silly pacote tag manifest for @types/statuses@ts3.6 fetched in 167ms
305 http fetch GET 304 https://registry.npmjs.org/@types%2fstream-each 160ms (from cache)
306 silly pacote tag manifest for @types/stream-each@ts3.6 fetched in 163ms
307 http fetch GET 304 https://registry.npmjs.org/@types%2fstrict-uri-encode 133ms (from cache)
308 silly pacote tag manifest for @types/strict-uri-encode@ts3.6 fetched in 138ms
309 http fetch GET 304 https://registry.npmjs.org/@types%2fstringify-object 130ms (from cache)
310 silly pacote tag manifest for @types/stringify-object@ts3.6 fetched in 132ms
311 http fetch GET 304 https://registry.npmjs.org/@types%2fstrip-final-newline 144ms (from cache)
312 http fetch GET 304 https://registry.npmjs.org/@types%2fstrip-comments 192ms (from cache)
313 silly pacote tag manifest for @types/strip-final-newline@ts3.6 fetched in 149ms
314 silly pacote tag manifest for @types/strip-comments@ts3.6 fetched in 196ms
315 http fetch GET 200 https://registry.npmjs.org/@types%2fregenerate 2174ms
316 silly fetchPackageMetaData error for @types/regenerate@ts3.6 No matching version found for @types/regenerate@ts3.6.
317 http fetch GET 304 https://registry.npmjs.org/@types%2fsupports-color 151ms (from cache)
318 silly pacote tag manifest for @types/supports-color@ts3.6 fetched in 157ms
319 http fetch GET 304 https://registry.npmjs.org/@types%2fsvg-parser 136ms (from cache)
320 silly pacote tag manifest for @types/svg-parser@ts3.6 fetched in 140ms
321 http fetch GET 304 https://registry.npmjs.org/@types%2fsymbol-tree 141ms (from cache)
322 silly pacote tag manifest for @types/symbol-tree@ts3.6 fetched in 145ms
323 http fetch GET 304 https://registry.npmjs.org/@types%2ftar 157ms (from cache)
324 http fetch GET 304 https://registry.npmjs.org/@types%2ftapable 179ms (from cache)
325 silly pacote tag manifest for @types/tar@ts3.6 fetched in 161ms
326 silly pacote tag manifest for @types/tapable@ts3.6 fetched in 183ms
327 http fetch GET 200 https://registry.npmjs.org/@types%2ftest-exclude 197ms
328 silly fetchPackageMetaData error for @types/test-exclude@ts3.6 No matching version found for @types/test-exclude@ts3.6.
329 http fetch GET 304 https://registry.npmjs.org/@types%2ftext-table 209ms (from cache)
330 silly pacote tag manifest for @types/text-table@ts3.6 fetched in 213ms
331 http fetch GET 304 https://registry.npmjs.org/@types%2fthrough2 158ms (from cache)
332 silly pacote tag manifest for @types/through2@ts3.6 fetched in 171ms
333 http fetch GET 304 https://registry.npmjs.org/@types%2fthrough 184ms (from cache)
334 silly pacote tag manifest for @types/through@ts3.6 fetched in 189ms
335 http fetch GET 304 https://registry.npmjs.org/@types%2fstring-natural-compare 665ms (from cache)
336 silly pacote tag manifest for @types/string-natural-compare@ts3.6 fetched in 671ms
337 http fetch GET 304 https://registry.npmjs.org/@types%2fthunky 123ms (from cache)
338 silly pacote tag manifest for @types/thunky@ts3.6 fetched in 126ms
339 http fetch GET 304 https://registry.npmjs.org/@types%2ftimsort 141ms (from cache)
340 silly pacote tag manifest for @types/timsort@ts3.6 fetched in 144ms
341 http fetch GET 304 https://registry.npmjs.org/@types%2ftmp 148ms (from cache)
342 silly pacote tag manifest for @types/tmp@ts3.6 fetched in 151ms
343 http fetch GET 200 https://registry.npmjs.org/@types%2fto-regex 137ms
344 silly fetchPackageMetaData error for @types/to-regex@ts3.6 No matching version found for @types/to-regex@ts3.6.
345 http fetch GET 200 https://registry.npmjs.org/@types%2ftmpl 158ms
346 silly fetchPackageMetaData error for @types/tmpl@ts3.6 No matching version found for @types/tmpl@ts3.6.
347 http fetch GET 200 https://registry.npmjs.org/@types%2fsimple-swizzle 1408ms
348 silly fetchPackageMetaData error for @types/simple-swizzle@ts3.6 No matching version found for @types/simple-swizzle@ts3.6.
349 http fetch GET 200 https://registry.npmjs.org/@types%2fto-regex-range 146ms
350 silly fetchPackageMetaData error for @types/to-regex-range@ts3.6 No matching version found for @types/to-regex-range@ts3.6.
351 http fetch GET 304 https://registry.npmjs.org/@types%2ftough-cookie 139ms (from cache)
352 silly pacote tag manifest for @types/tough-cookie@ts3.6 fetched in 141ms
353 http fetch GET 304 https://registry.npmjs.org/@types%2ftryer 140ms (from cache)
354 silly pacote tag manifest for @types/tryer@ts3.6 fetched in 143ms
355 http fetch GET 304 https://registry.npmjs.org/@types%2ftype-detect 143ms (from cache)
356 silly pacote tag manifest for @types/type-detect@ts3.6 fetched in 147ms
357 http fetch GET 200 https://registry.npmjs.org/@types%2ftr46 173ms
358 silly fetchPackageMetaData error for @types/tr46@ts3.6 No matching version found for @types/tr46@ts3.6.
359 http fetch GET 304 https://registry.npmjs.org/@types%2ftype-check 176ms (from cache)
360 silly pacote tag manifest for @types/type-check@ts3.6 fetched in 179ms
361 http fetch GET 304 https://registry.npmjs.org/@types%2ftype-is 154ms (from cache)
362 silly pacote tag manifest for @types/type-is@ts3.6 fetched in 158ms
363 http fetch GET 200 https://registry.npmjs.org/@types%2ftypedarray-to-buffer 143ms
364 silly fetchPackageMetaData error for @types/typedarray-to-buffer@ts3.6 No matching version found for @types/typedarray-to-buffer@ts3.6.
365 http fetch GET 200 https://registry.npmjs.org/@types%2fregex-not 1591ms
366 silly fetchPackageMetaData error for @types/regex-not@ts3.6 No matching version found for @types/regex-not@ts3.6.
367 http fetch GET 200 https://registry.npmjs.org/@types%2funbox-primitive 146ms
368 silly fetchPackageMetaData error for @types/unbox-primitive@ts3.6 No matching version found for @types/unbox-primitive@ts3.6.
369 http fetch GET 304 https://registry.npmjs.org/@types%2funiversalify 141ms (from cache)
370 silly pacote tag manifest for @types/universalify@ts3.6 fetched in 144ms
371 http fetch GET 200 https://registry.npmjs.org/@types%2freact-refresh 1742ms
372 silly fetchPackageMetaData error for @types/react-refresh@ts3.6 No matching version found for @types/react-refresh@ts3.6.
373 http fetch GET 304 https://registry.npmjs.org/@types%2furix 144ms (from cache)
374 silly pacote tag manifest for @types/urix@ts3.6 fetched in 147ms
375 http fetch GET 304 https://registry.npmjs.org/@types%2furl-parse 167ms (from cache)
376 silly pacote tag manifest for @types/url-parse@ts3.6 fetched in 179ms
377 http fetch GET 304 https://registry.npmjs.org/@types%2futil.promisify 171ms (from cache)
378 silly pacote tag manifest for @types/util.promisify@ts3.6 fetched in 174ms
379 http fetch GET 304 https://registry.npmjs.org/@types%2fuuid 146ms (from cache)
380 silly pacote tag manifest for @types/uuid@ts3.6 fetched in 150ms
381 http fetch GET 304 https://registry.npmjs.org/@types%2fvalidate-npm-package-license 152ms (from cache)
382 silly pacote tag manifest for @types/validate-npm-package-license@ts3.6 fetched in 155ms
383 http fetch GET 304 https://registry.npmjs.org/@types%2fvary 175ms (from cache)
384 silly pacote tag manifest for @types/vary@ts3.6 fetched in 179ms
385 http fetch GET 304 https://registry.npmjs.org/@types%2fw3c-hr-time 169ms (from cache)
386 silly pacote tag manifest for @types/w3c-hr-time@ts3.6 fetched in 173ms
387 http fetch GET 304 https://registry.npmjs.org/@types%2fw3c-xmlserializer 133ms (from cache)
388 silly pacote tag manifest for @types/w3c-xmlserializer@ts3.6 fetched in 137ms
389 http fetch GET 304 https://registry.npmjs.org/@types%2fwatchpack 154ms (from cache)
390 silly pacote tag manifest for @types/watchpack@ts3.6 fetched in 157ms
391 http fetch GET 304 https://registry.npmjs.org/@types%2fwcwidth 134ms (from cache)
392 silly pacote tag manifest for @types/wcwidth@ts3.6 fetched in 139ms
393 http fetch GET 304 https://registry.npmjs.org/@types%2fsockjs 2155ms (from cache)
394 http fetch GET 304 https://registry.npmjs.org/@types%2fwebidl-conversions 148ms (from cache)
395 silly pacote tag manifest for @types/sockjs@ts3.6 fetched in 2161ms
396 silly pacote tag manifest for @types/webidl-conversions@ts3.6 fetched in 156ms
397 http fetch GET 304 https://registry.npmjs.org/@types%2fwebpack 136ms (from cache)
398 silly pacote tag manifest for @types/webpack@ts3.6 fetched in 142ms
399 http fetch GET 304 https://registry.npmjs.org/@types%2fwebpack-manifest-plugin 163ms (from cache)
400 silly pacote tag manifest for @types/webpack-manifest-plugin@ts3.6 fetched in 167ms
401 http fetch GET 304 https://registry.npmjs.org/@types%2fwebpack-sources 138ms (from cache)
402 silly pacote tag manifest for @types/webpack-sources@ts3.6 fetched in 141ms
403 http fetch GET 304 https://registry.npmjs.org/@types%2fwhatwg-encoding 182ms (from cache)
404 silly pacote tag manifest for @types/whatwg-encoding@ts3.6 fetched in 186ms
405 http fetch GET 304 https://registry.npmjs.org/@types%2fwhatwg-url 188ms (from cache)
406 http fetch GET 200 https://registry.npmjs.org/@types%2ftoidentifier 1121ms
407 silly fetchPackageMetaData error for @types/toidentifier@ts3.6 No matching version found for @types/toidentifier@ts3.6.
408 http fetch GET 304 https://registry.npmjs.org/@types%2fwhatwg-mimetype 210ms (from cache)
409 silly pacote tag manifest for @types/whatwg-url@ts3.6 fetched in 196ms
410 silly pacote tag manifest for @types/whatwg-mimetype@ts3.6 fetched in 219ms
411 http fetch GET 304 https://registry.npmjs.org/@types%2fwhich 149ms (from cache)
412 silly pacote tag manifest for @types/which@ts3.6 fetched in 153ms
413 http fetch GET 200 https://registry.npmjs.org/@types%2fwhich-boxed-primitive 136ms
414 silly fetchPackageMetaData error for @types/which-boxed-primitive@ts3.6 No matching version found for @types/which-boxed-primitive@ts3.6.
415 http fetch GET 304 https://registry.npmjs.org/@types%2fstring.prototype.matchall 1936ms (from cache)
416 silly pacote tag manifest for @types/string.prototype.matchall@ts3.6 fetched in 1939ms
417 http fetch GET 304 https://registry.npmjs.org/@types%2fworkbox-sw 126ms (from cache)
418 silly pacote tag manifest for @types/workbox-sw@ts3.6 fetched in 130ms
419 http fetch GET 304 https://registry.npmjs.org/@types%2fwhich-pm-runs 175ms (from cache)
420 silly pacote tag manifest for @types/which-pm-runs@ts3.6 fetched in 178ms
421 http fetch GET 304 https://registry.npmjs.org/@types%2fws 145ms (from cache)
422 silly pacote tag manifest for @types/ws@ts3.6 fetched in 150ms
423 http fetch GET 304 https://registry.npmjs.org/@types%2fxtend 152ms (from cache)
424 silly pacote tag manifest for @types/xtend@ts3.6 fetched in 155ms
425 http fetch GET 200 https://registry.npmjs.org/@types%2fxml-name-validator 169ms
426 silly fetchPackageMetaData error for @types/xml-name-validator@ts3.6 No matching version found for @types/xml-name-validator@ts3.6.
427 http fetch GET 304 https://registry.npmjs.org/@types%2fyargs-parser 135ms (from cache)
428 silly pacote tag manifest for @types/yargs-parser@ts3.6 fetched in 139ms
429 http fetch GET 304 https://registry.npmjs.org/@types%2fyargs 218ms (from cache)
430 silly pacote tag manifest for @types/yargs@ts3.6 fetched in 224ms
431 http fetch GET 304 https://registry.npmjs.org/@types%2futils-merge 1068ms (from cache)
432 silly pacote tag manifest for @types/utils-merge@ts3.6 fetched in 1071ms
433 http fetch GET 304 https://registry.npmjs.org/@types%2fyallist 293ms (from cache)
434 silly pacote tag manifest for @types/yallist@ts3.6 fetched in 296ms
435 http fetch GET 304 https://registry.npmjs.org/@types%2funiq 1404ms (from cache)
436 silly pacote tag manifest for @types/uniq@ts3.6 fetched in 1408ms
437 http fetch GET 304 https://registry.npmjs.org/@types%2fwrite-file-atomic 637ms (from cache)
438 silly pacote tag manifest for @types/write-file-atomic@ts3.6 fetched in 640ms
439 http fetch GET 304 https://registry.npmjs.org/@types%2futil-deprecate 1781ms (from cache)
440 silly pacote tag manifest for @types/util-deprecate@ts3.6 fetched in 1784ms
441 timing stage:rollbackFailedOptional Completed in 1ms
442 timing stage:runTopLevelLifecycles Completed in 9144ms
443 verbose type tag
444 verbose stack @types/makeerror: No matching version found for @types/makeerror@ts3.6.
444 verbose stack     at pickManifest (/usr/local/lib/node_modules/npm/node_modules/npm-pick-manifest/index.js:122:13)
444 verbose stack     at /usr/local/lib/node_modules/npm/node_modules/pacote/lib/fetchers/registry/manifest.js:43:18
444 verbose stack     at tryCatcher (/usr/local/lib/node_modules/npm/node_modules/bluebird/js/release/util.js:16:23)
444 verbose stack     at Promise._settlePromiseFromHandler (/usr/local/lib/node_modules/npm/node_modules/bluebird/js/release/promise.js:517:31)
444 verbose stack     at Promise._settlePromise (/usr/local/lib/node_modules/npm/node_modules/bluebird/js/release/promise.js:574:18)
444 verbose stack     at Promise._settlePromise0 (/usr/local/lib/node_modules/npm/node_modules/bluebird/js/release/promise.js:619:10)
444 verbose stack     at Promise._settlePromises (/usr/local/lib/node_modules/npm/node_modules/bluebird/js/release/promise.js:699:18)
444 verbose stack     at _drainQueueStep (/usr/local/lib/node_modules/npm/node_modules/bluebird/js/release/async.js:138:12)
444 verbose stack     at _drainQueue (/usr/local/lib/node_modules/npm/node_modules/bluebird/js/release/async.js:131:9)
444 verbose stack     at Async._drainQueues (/usr/local/lib/node_modules/npm/node_modules/bluebird/js/release/async.js:147:5)
444 verbose stack     at Immediate.Async.drainQueues [as _onImmediate] (/usr/local/lib/node_modules/npm/node_modules/bluebird/js/release/async.js:17:14)
444 verbose stack     at processImmediate (internal/timers.js:456:21)
445 verbose cwd /home/theia/.cache/typescript/3.6
446 verbose Linux 6.4.16-linuxkit
447 verbose argv "/usr/local/bin/node" "/usr/local/bin/npm" "install" "--ignore-scripts" "@types/lodash.debounce@ts3.6" "@types/lodash.memoize@ts3.6" "@types/lodash.merge@ts3.6" "@types/lodash.template@ts3.6" "@types/lodash.truncate@ts3.6" "@types/lodash.uniq@ts3.6" "@types/makeerror@ts3.6" "@types/media-typer@ts3.6" "@types/memory-fs@ts3.6" "@types/memorystream@ts3.6" "@types/merge-descriptors@ts3.6" "@types/merge-stream@ts3.6" "@types/merge2@ts3.6" "@types/methods@ts3.6" "@types/micromatch@ts3.6" "@types/mime@ts3.6" "@types/mime-db@ts3.6" "@types/mime-types@ts3.6" "@types/min-indent@ts3.6" "@types/minimalistic-assert@ts3.6" "@types/minimist@ts3.6" "@types/minizlib@ts3.6" "@types/move-concurrently@ts3.6" "@types/ms@ts3.6" "@types/multicast-dns@ts3.6" "@types/mute-stream@ts3.6" "@types/natural-compare@ts3.6" "@types/negotiator@ts3.6" "@types/neo-async@ts3.6" "@types/next-tick@ts3.6" "@types/nice-try@ts3.6" "@types/node-fetch@ts3.6" "@types/node-forge@ts3.6" "@types/node-int64@ts3.6" "@types/node-notifier@ts3.6" "@types/normalize-package-data@ts3.6" "@types/normalize-path@ts3.6" "@types/num2fraction@ts3.6" "@types/nwsapi@ts3.6" "@types/object-assign@ts3.6" "@types/object-inspect@ts3.6" "@types/object-keys@ts3.6" "@types/object.fromentries@ts3.6" "@types/object.getownpropertydescriptors@ts3.6" "@types/object.pick@ts3.6" "@types/on-finished@ts3.6" "@types/on-headers@ts3.6" "@types/once@ts3.6" "@types/optimize-css-assets-webpack-plugin@ts3.6" "@types/os-tmpdir@ts3.6" "@types/pako@ts3.6" "@types/parallel-transform@ts3.6" "@types/parse-json@ts3.6" "@types/parseurl@ts3.6" "@types/pascalcase@ts3.6" "@types/path-browserify@ts3.6" "@types/path-is-absolute@ts3.6" "@types/path-is-inside@ts3.6" "@types/path-parse@ts3.6" "@types/pbkdf2@ts3.6" "@types/picomatch@ts3.6" "@types/pify@ts3.6" "@types/postcss-color-gray@ts3.6" "@types/postcss-flexbugs-fixes@ts3.6" "@types/postcss-font-variant@ts3.6" "@types/postcss-gap-properties@ts3.6" "@types/postcss-modules-extract-imports@ts3.6" "@types/postcss-modules-local-by-default@ts3.6" "@types/postcss-modules-scope@ts3.6" "@types/postcss-modules-values@ts3.6" "@types/postcss-normalize@ts3.6" "@types/postcss-page-break@ts3.6" "@types/postcss-safe-parser@ts3.6" "@types/prelude-ls@ts3.6" "@types/prettier-linter-helpers@ts3.6" "@types/progress@ts3.6" "@types/promise-inflight@ts3.6" "@types/prompts@ts3.6" "@types/prop-types@ts3.6" "@types/proxy-addr@ts3.6" "@types/psl@ts3.6" "@types/pump@ts3.6" "@types/pumpify@ts3.6" "@types/punycode@ts3.6" "@types/q@ts3.6" "@types/qs@ts3.6" "@types/querystringify@ts3.6" "@types/raf@ts3.6" "@types/randombytes@ts3.6" "@types/range-parser@ts3.6" "@types/react-dev-utils@ts3.6" "@types/react-is@ts3.6" "@types/react-refresh@ts3.6" "@types/readable-stream@ts3.6" "@types/recursive-readdir@ts3.6" "@types/regenerate@ts3.6" "@types/regenerator-runtime@ts3.6" "@types/regex-not@ts3.6" "@types/relateurl@ts3.6" "@types/repeat-element@ts3.6" "@types/repeat-string@ts3.6" "@types/require-directory@ts3.6" "@types/require-from-string@ts3.6" "@types/requires-port@ts3.6" "@types/resolve@ts3.6" "@types/retry@ts3.6" "@types/ripemd160@ts3.6" "@types/rsvp@ts3.6" "@types/run-parallel@ts3.6" "@types/safe-regex@ts3.6" "@types/safe-regex-test@ts3.6" "@types/safer-buffer@ts3.6" "@types/sane@ts3.6" "@types/sass-loader@ts3.6" "@types/sax@ts3.6" "@types/scheduler@ts3.6" "@types/selfsigned@ts3.6" "@types/semver@ts3.6" "@types/semver-compare@ts3.6" "@types/send@ts3.6" "@types/serialize-javascript@ts3.6" "@types/serve-index@ts3.6" "@types/serve-static@ts3.6" "@types/set-blocking@ts3.6" "@types/set-cookie-parser@ts3.6" "@types/set-value@ts3.6" "@types/setimmediate@ts3.6" "@types/sha.js@ts3.6" "@types/shebang-command@ts3.6" "@types/shell-quote@ts3.6" "@types/signal-exit@ts3.6" "@types/simple-swizzle@ts3.6" "@types/sockjs@ts3.6" "@types/sockjs-client@ts3.6" "@types/source-list-map@ts3.6" "@types/source-map-support@ts3.6" "@types/spdx-correct@ts3.6" "@types/spdx-expression-parse@ts3.6" "@types/spdy@ts3.6" "@types/sprintf@ts3.6" "@types/sprintf-js@ts3.6" "@types/ssri@ts3.6" "@types/stack-utils@ts3.6" "@types/statuses@ts3.6" "@types/stream-each@ts3.6" "@types/stream-shift@ts3.6" "@types/strict-uri-encode@ts3.6" "@types/string-natural-compare@ts3.6" "@types/string.prototype.matchall@ts3.6" "@types/stringify-object@ts3.6" "@types/strip-comments@ts3.6" "@types/strip-final-newline@ts3.6" "@types/supports-color@ts3.6" "@types/svg-parser@ts3.6" "@types/symbol-tree@ts3.6" "@types/tapable@ts3.6" "@types/tar@ts3.6" "@types/test-exclude@ts3.6" "@types/text-table@ts3.6" "@types/through@ts3.6" "@types/through2@ts3.6" "@types/thunky@ts3.6" "@types/timsort@ts3.6" "@types/tmp@ts3.6" "@types/tmpl@ts3.6" "@types/to-regex@ts3.6" "@types/to-regex-range@ts3.6" "@types/toidentifier@ts3.6" "@types/tough-cookie@ts3.6" "@types/tr46@ts3.6" "@types/tryer@ts3.6" "@types/type-check@ts3.6" "@types/type-detect@ts3.6" "@types/type-is@ts3.6" "@types/typedarray-to-buffer@ts3.6" "@types/unbox-primitive@ts3.6" "@types/uniq@ts3.6" "@types/universalify@ts3.6" "@types/urix@ts3.6" "@types/url-parse@ts3.6" "@types/util-deprecate@ts3.6" "@types/util.promisify@ts3.6" "@types/utils-merge@ts3.6" "@types/uuid@ts3.6" "@types/validate-npm-package-license@ts3.6" "@types/vary@ts3.6" "@types/w3c-hr-time@ts3.6" "@types/w3c-xmlserializer@ts3.6" "@types/watchpack@ts3.6" "@types/wcwidth@ts3.6" "@types/webidl-conversions@ts3.6" "@types/webpack@ts3.6" "@types/webpack-manifest-plugin@ts3.6" "@types/webpack-sources@ts3.6" "@types/whatwg-encoding@ts3.6" "@types/whatwg-mimetype@ts3.6" "@types/whatwg-url@ts3.6" "@types/which@ts3.6" "@types/which-boxed-primitive@ts3.6" "@types/which-pm-runs@ts3.6" "@types/workbox-sw@ts3.6" "@types/write-file-atomic@ts3.6" "@types/ws@ts3.6" "@types/xml-name-validator@ts3.6" "@types/xtend@ts3.6" "@types/yallist@ts3.6" "@types/yargs@ts3.6" "@types/yargs-parser@ts3.6" "--save-dev" "--user-agent=typesInstaller/3.6.3"
448 verbose node v12.18.3
449 verbose npm  v6.14.6
450 error code ETARGET
451 error notarget No matching version found for @types/makeerror@ts3.6.
452 error notarget In most cases you or one of your dependencies are requesting
452 error notarget a package version that doesn't exist.
453 verbose exit [ 1, true ]
