0 info it worked if it ends with ok
1 verbose cli [
1 verbose cli   '/usr/local/bin/node',
1 verbose cli   '/usr/local/bin/npm',
1 verbose cli   'install',
1 verbose cli   '--ignore-scripts',
1 verbose cli   '@types/react@ts3.6',
1 verbose cli   '@types/react-dom@ts3.6',
1 verbose cli   '@types/eslint-config-prettier@ts3.6',
1 verbose cli   '@types/eslint-plugin-prettier@ts3.6',
1 verbose cli   '@types/lint-staged@ts3.6',
1 verbose cli   '@types/safe-regex@ts3.6',
1 verbose cli   '@types/safe-regex-test@ts3.6',
1 verbose cli   '@types/safer-buffer@ts3.6',
1 verbose cli   '@types/sane@ts3.6',
1 verbose cli   '@types/sass-loader@ts3.6',
1 verbose cli   '@types/sax@ts3.6',
1 verbose cli   '@types/scheduler@ts3.6',
1 verbose cli   '@types/selfsigned@ts3.6',
1 verbose cli   '@types/semver@ts3.6',
1 verbose cli   '@types/semver-compare@ts3.6',
1 verbose cli   '@types/send@ts3.6',
1 verbose cli   '@types/serialize-javascript@ts3.6',
1 verbose cli   '@types/serve-index@ts3.6',
1 verbose cli   '@types/serve-static@ts3.6',
1 verbose cli   '@types/set-blocking@ts3.6',
1 verbose cli   '@types/set-cookie-parser@ts3.6',
1 verbose cli   '@types/set-value@ts3.6',
1 verbose cli   '@types/setimmediate@ts3.6',
1 verbose cli   '@types/sha.js@ts3.6',
1 verbose cli   '@types/shebang-command@ts3.6',
1 verbose cli   '@types/shell-quote@ts3.6',
1 verbose cli   '@types/signal-exit@ts3.6',
1 verbose cli   '@types/simple-swizzle@ts3.6',
1 verbose cli   '@types/sockjs@ts3.6',
1 verbose cli   '@types/sockjs-client@ts3.6',
1 verbose cli   '@types/source-list-map@ts3.6',
1 verbose cli   '@types/source-map-support@ts3.6',
1 verbose cli   '@types/spdx-correct@ts3.6',
1 verbose cli   '@types/spdx-expression-parse@ts3.6',
1 verbose cli   '@types/spdy@ts3.6',
1 verbose cli   '@types/sprintf@ts3.6',
1 verbose cli   '@types/sprintf-js@ts3.6',
1 verbose cli   '@types/ssri@ts3.6',
1 verbose cli   '@types/stack-utils@ts3.6',
1 verbose cli   '@types/statuses@ts3.6',
1 verbose cli   '@types/stream-each@ts3.6',
1 verbose cli   '@types/stream-shift@ts3.6',
1 verbose cli   '@types/strict-uri-encode@ts3.6',
1 verbose cli   '@types/string-natural-compare@ts3.6',
1 verbose cli   '@types/string.prototype.matchall@ts3.6',
1 verbose cli   '@types/stringify-object@ts3.6',
1 verbose cli   '@types/strip-comments@ts3.6',
1 verbose cli   '@types/strip-final-newline@ts3.6',
1 verbose cli   '@types/supports-color@ts3.6',
1 verbose cli   '@types/svg-parser@ts3.6',
1 verbose cli   '@types/symbol-tree@ts3.6',
1 verbose cli   '@types/tapable@ts3.6',
1 verbose cli   '@types/tar@ts3.6',
1 verbose cli   '@types/test-exclude@ts3.6',
1 verbose cli   '@types/text-table@ts3.6',
1 verbose cli   '@types/through@ts3.6',
1 verbose cli   '@types/through2@ts3.6',
1 verbose cli   '@types/thunky@ts3.6',
1 verbose cli   '@types/timsort@ts3.6',
1 verbose cli   '@types/tmp@ts3.6',
1 verbose cli   '@types/tmpl@ts3.6',
1 verbose cli   '@types/to-regex@ts3.6',
1 verbose cli   '@types/to-regex-range@ts3.6',
1 verbose cli   '@types/toidentifier@ts3.6',
1 verbose cli   '@types/tough-cookie@ts3.6',
1 verbose cli   '@types/tr46@ts3.6',
1 verbose cli   '@types/tryer@ts3.6',
1 verbose cli   '@types/type-check@ts3.6',
1 verbose cli   '@types/type-detect@ts3.6',
1 verbose cli   '@types/type-is@ts3.6',
1 verbose cli   '@types/typedarray-to-buffer@ts3.6',
1 verbose cli   '@types/unbox-primitive@ts3.6',
1 verbose cli   '@types/uniq@ts3.6',
1 verbose cli   '@types/universalify@ts3.6',
1 verbose cli   '@types/urix@ts3.6',
1 verbose cli   '@types/url-parse@ts3.6',
1 verbose cli   '@types/util-deprecate@ts3.6',
1 verbose cli   '@types/util.promisify@ts3.6',
1 verbose cli   '@types/utils-merge@ts3.6',
1 verbose cli   '@types/uuid@ts3.6',
1 verbose cli   '@types/validate-npm-package-license@ts3.6',
1 verbose cli   '@types/vary@ts3.6',
1 verbose cli   '@types/w3c-hr-time@ts3.6',
1 verbose cli   '@types/w3c-xmlserializer@ts3.6',
1 verbose cli   '@types/watchpack@ts3.6',
1 verbose cli   '@types/wcwidth@ts3.6',
1 verbose cli   '@types/webidl-conversions@ts3.6',
1 verbose cli   '@types/webpack@ts3.6',
1 verbose cli   '@types/webpack-manifest-plugin@ts3.6',
1 verbose cli   '@types/webpack-sources@ts3.6',
1 verbose cli   '@types/whatwg-encoding@ts3.6',
1 verbose cli   '@types/whatwg-mimetype@ts3.6',
1 verbose cli   '@types/whatwg-url@ts3.6',
1 verbose cli   '@types/which@ts3.6',
1 verbose cli   '@types/which-boxed-primitive@ts3.6',
1 verbose cli   '@types/which-pm-runs@ts3.6',
1 verbose cli   ... 10 more items
1 verbose cli ]
2 info using npm@6.14.6
3 info using node@v12.18.3
4 verbose npm-session be468ab0f6888410
5 silly install loadCurrentTree
6 silly install readLocalPackageData
7 http fetch GET 200 https://registry.npmjs.org/@types%2flint-staged 456ms
8 silly fetchPackageMetaData error for @types/lint-staged@ts3.6 No matching version found for @types/lint-staged@ts3.6.
9 http fetch GET 304 https://registry.npmjs.org/@types%2freact-dom 504ms (from cache)
10 http fetch GET 304 https://registry.npmjs.org/@types%2fsafe-regex-test 504ms (from cache)
11 silly registry:manifest no matching version for @types/safe-regex-test@ts3.6 in the cache. Forcing revalidation.
12 silly pacote tag manifest for @types/react-dom@ts3.6 fetched in 519ms
13 http fetch GET 304 https://registry.npmjs.org/@types%2freact 534ms (from cache)
14 silly pacote tag manifest for @types/react@ts3.6 fetched in 555ms
15 http fetch GET 304 https://registry.npmjs.org/@types%2feslint-config-prettier 552ms (from cache)
16 http fetch GET 304 https://registry.npmjs.org/@types%2feslint-plugin-prettier 555ms (from cache)
17 http fetch GET 304 https://registry.npmjs.org/@types%2fsafer-buffer 549ms (from cache)
18 silly pacote tag manifest for @types/eslint-config-prettier@ts3.6 fetched in 562ms
19 silly pacote tag manifest for @types/eslint-plugin-prettier@ts3.6 fetched in 563ms
20 silly pacote tag manifest for @types/safer-buffer@ts3.6 fetched in 558ms
21 http fetch GET 304 https://registry.npmjs.org/@types%2fsass-loader 560ms (from cache)
22 silly pacote tag manifest for @types/sass-loader@ts3.6 fetched in 564ms
23 http fetch GET 304 https://registry.npmjs.org/@types%2fsax 154ms (from cache)
24 silly pacote tag manifest for @types/sax@ts3.6 fetched in 159ms
25 http fetch GET 200 https://registry.npmjs.org/@types%2fsafe-regex-test 145ms
26 silly fetchPackageMetaData error for @types/safe-regex-test@ts3.6 No matching version found for @types/safe-regex-test@ts3.6.
27 http fetch GET 304 https://registry.npmjs.org/@types%2fscheduler 158ms (from cache)
28 silly pacote tag manifest for @types/scheduler@ts3.6 fetched in 161ms
29 http fetch GET 304 https://registry.npmjs.org/@types%2fsemver 145ms (from cache)
30 silly pacote tag manifest for @types/semver@ts3.6 fetched in 152ms
31 http fetch GET 304 https://registry.npmjs.org/@types%2fsend 163ms (from cache)
32 silly pacote tag manifest for @types/send@ts3.6 fetched in 167ms
33 http fetch GET 304 https://registry.npmjs.org/@types%2fserve-index 131ms (from cache)
34 silly pacote tag manifest for @types/serve-index@ts3.6 fetched in 135ms
35 http fetch GET 304 https://registry.npmjs.org/@types%2fselfsigned 232ms (from cache)
36 silly registry:manifest no matching version for @types/selfsigned@ts3.6 in the cache. Forcing revalidation.
37 http fetch GET 304 https://registry.npmjs.org/@types%2fserve-static 139ms (from cache)
38 http fetch GET 304 https://registry.npmjs.org/@types%2fserialize-javascript 220ms (from cache)
39 silly pacote tag manifest for @types/serve-static@ts3.6 fetched in 143ms
40 silly pacote tag manifest for @types/serialize-javascript@ts3.6 fetched in 224ms
41 http fetch GET 304 https://registry.npmjs.org/@types%2fset-cookie-parser 167ms (from cache)
42 http fetch GET 304 https://registry.npmjs.org/@types%2fset-value 150ms (from cache)
43 silly pacote tag manifest for @types/set-cookie-parser@ts3.6 fetched in 173ms
44 silly pacote tag manifest for @types/set-value@ts3.6 fetched in 157ms
45 http fetch GET 304 https://registry.npmjs.org/@types%2fsetimmediate 142ms (from cache)
46 silly pacote tag manifest for @types/setimmediate@ts3.6 fetched in 145ms
47 http fetch GET 304 https://registry.npmjs.org/@types%2fsha.js 127ms (from cache)
48 silly pacote tag manifest for @types/sha.js@ts3.6 fetched in 132ms
49 http fetch GET 304 https://registry.npmjs.org/@types%2fshebang-command 139ms (from cache)
50 silly pacote tag manifest for @types/shebang-command@ts3.6 fetched in 143ms
51 http fetch GET 200 https://registry.npmjs.org/@types%2fselfsigned 238ms
52 silly fetchPackageMetaData error for @types/selfsigned@ts3.6 No matching version found for @types/selfsigned@ts3.6.
53 http fetch GET 304 https://registry.npmjs.org/@types%2fsimple-swizzle 203ms (from cache)
54 silly registry:manifest no matching version for @types/simple-swizzle@ts3.6 in the cache. Forcing revalidation.
55 http fetch GET 304 https://registry.npmjs.org/@types%2fsockjs 177ms (from cache)
56 silly pacote tag manifest for @types/sockjs@ts3.6 fetched in 181ms
57 http fetch GET 304 https://registry.npmjs.org/@types%2fsource-list-map 140ms (from cache)
58 silly pacote tag manifest for @types/source-list-map@ts3.6 fetched in 144ms
59 http fetch GET 304 https://registry.npmjs.org/@types%2fsemver-compare 739ms (from cache)
60 http fetch GET 304 https://registry.npmjs.org/@types%2fsource-map-support 190ms (from cache)
61 silly pacote tag manifest for @types/semver-compare@ts3.6 fetched in 744ms
62 silly pacote tag manifest for @types/source-map-support@ts3.6 fetched in 195ms
63 http fetch GET 200 https://registry.npmjs.org/@types%2fsimple-swizzle 315ms
64 silly fetchPackageMetaData error for @types/simple-swizzle@ts3.6 No matching version found for @types/simple-swizzle@ts3.6.
65 http fetch GET 304 https://registry.npmjs.org/@types%2fspdx-expression-parse 151ms (from cache)
66 silly pacote tag manifest for @types/spdx-expression-parse@ts3.6 fetched in 156ms
67 http fetch GET 304 https://registry.npmjs.org/@types%2fspdy 168ms (from cache)
68 silly pacote tag manifest for @types/spdy@ts3.6 fetched in 171ms
69 http fetch GET 304 https://registry.npmjs.org/@types%2fssri 134ms (from cache)
70 silly pacote tag manifest for @types/ssri@ts3.6 fetched in 136ms
71 http fetch GET 304 https://registry.npmjs.org/@types%2fsprintf-js 156ms (from cache)
72 silly pacote tag manifest for @types/sprintf-js@ts3.6 fetched in 160ms
73 http fetch GET 304 https://registry.npmjs.org/@types%2fsane 1706ms (from cache)
74 silly pacote tag manifest for @types/sane@ts3.6 fetched in 1711ms
75 http fetch GET 304 https://registry.npmjs.org/@types%2fstatuses 140ms (from cache)
76 silly pacote tag manifest for @types/statuses@ts3.6 fetched in 144ms
77 http fetch GET 304 https://registry.npmjs.org/@types%2fstack-utils 154ms (from cache)
78 silly pacote tag manifest for @types/stack-utils@ts3.6 fetched in 158ms
79 http fetch GET 304 https://registry.npmjs.org/@types%2fstream-each 146ms (from cache)
80 silly pacote tag manifest for @types/stream-each@ts3.6 fetched in 149ms
81 http fetch GET 304 https://registry.npmjs.org/@types%2fstream-shift 115ms (from cache)
82 silly pacote tag manifest for @types/stream-shift@ts3.6 fetched in 120ms
83 http fetch GET 304 https://registry.npmjs.org/@types%2fstring.prototype.matchall 130ms (from cache)
84 silly pacote tag manifest for @types/string.prototype.matchall@ts3.6 fetched in 134ms
85 http fetch GET 304 https://registry.npmjs.org/@types%2fset-blocking 1437ms (from cache)
86 silly registry:manifest no matching version for @types/set-blocking@ts3.6 in the cache. Forcing revalidation.
87 http fetch GET 304 https://registry.npmjs.org/@types%2fstringify-object 140ms (from cache)
88 silly pacote tag manifest for @types/stringify-object@ts3.6 fetched in 143ms
89 http fetch GET 200 https://registry.npmjs.org/@types%2fset-blocking 147ms
90 silly fetchPackageMetaData error for @types/set-blocking@ts3.6 No matching version found for @types/set-blocking@ts3.6.
91 http fetch GET 304 https://registry.npmjs.org/@types%2fstrip-comments 115ms (from cache)
92 silly pacote tag manifest for @types/strip-comments@ts3.6 fetched in 119ms
93 http fetch GET 304 https://registry.npmjs.org/@types%2fshell-quote 1406ms (from cache)
94 silly pacote tag manifest for @types/shell-quote@ts3.6 fetched in 1409ms
95 http fetch GET 304 https://registry.npmjs.org/@types%2fsvg-parser 147ms (from cache)
96 silly pacote tag manifest for @types/svg-parser@ts3.6 fetched in 150ms
97 http fetch GET 304 https://registry.npmjs.org/@types%2fsupports-color 178ms (from cache)
98 silly pacote tag manifest for @types/supports-color@ts3.6 fetched in 182ms
99 http fetch GET 304 https://registry.npmjs.org/@types%2fsockjs-client 1765ms (from cache)
100 silly pacote tag manifest for @types/sockjs-client@ts3.6 fetched in 1768ms
101 http fetch GET 304 https://registry.npmjs.org/@types%2fsafe-regex 2844ms (from cache)
102 silly pacote tag manifest for @types/safe-regex@ts3.6 fetched in 2848ms
103 http fetch GET 304 https://registry.npmjs.org/@types%2ftar 153ms (from cache)
104 silly pacote tag manifest for @types/tar@ts3.6 fetched in 157ms
105 http fetch GET 304 https://registry.npmjs.org/@types%2fspdx-correct 1792ms (from cache)
106 silly pacote tag manifest for @types/spdx-correct@ts3.6 fetched in 1797ms
107 http fetch GET 304 https://registry.npmjs.org/@types%2ftext-table 126ms (from cache)
108 silly pacote tag manifest for @types/text-table@ts3.6 fetched in 129ms
109 http fetch GET 304 https://registry.npmjs.org/@types%2fthrough 133ms (from cache)
110 silly pacote tag manifest for @types/through@ts3.6 fetched in 136ms
111 http fetch GET 304 https://registry.npmjs.org/@types%2fstrict-uri-encode 1395ms (from cache)
112 silly pacote tag manifest for @types/strict-uri-encode@ts3.6 fetched in 1398ms
113 http fetch GET 304 https://registry.npmjs.org/@types%2fthunky 122ms (from cache)
114 silly pacote tag manifest for @types/thunky@ts3.6 fetched in 125ms
115 http fetch GET 304 https://registry.npmjs.org/@types%2fsignal-exit 2348ms (from cache)
116 silly pacote tag manifest for @types/signal-exit@ts3.6 fetched in 2352ms
117 http fetch GET 304 https://registry.npmjs.org/@types%2ftimsort 142ms (from cache)
118 silly pacote tag manifest for @types/timsort@ts3.6 fetched in 145ms
119 http fetch GET 304 https://registry.npmjs.org/@types%2fsprintf 1906ms (from cache)
120 silly pacote tag manifest for @types/sprintf@ts3.6 fetched in 1911ms
121 http fetch GET 304 https://registry.npmjs.org/@types%2fto-regex-range 128ms (from cache)
122 silly registry:manifest no matching version for @types/to-regex-range@ts3.6 in the cache. Forcing revalidation.
123 http fetch GET 304 https://registry.npmjs.org/@types%2fto-regex 151ms (from cache)
124 silly registry:manifest no matching version for @types/to-regex@ts3.6 in the cache. Forcing revalidation.
125 http fetch GET 304 https://registry.npmjs.org/@types%2fstrip-final-newline 1229ms (from cache)
126 silly pacote tag manifest for @types/strip-final-newline@ts3.6 fetched in 1231ms
127 http fetch GET 304 https://registry.npmjs.org/@types%2ftoidentifier 134ms (from cache)
128 silly registry:manifest no matching version for @types/toidentifier@ts3.6 in the cache. Forcing revalidation.
129 http fetch GET 200 https://registry.npmjs.org/@types%2fto-regex-range 220ms
130 silly fetchPackageMetaData error for @types/to-regex-range@ts3.6 No matching version found for @types/to-regex-range@ts3.6.
131 http fetch GET 200 https://registry.npmjs.org/@types%2ftoidentifier 309ms
132 silly fetchPackageMetaData error for @types/toidentifier@ts3.6 No matching version found for @types/toidentifier@ts3.6.
133 http fetch GET 304 https://registry.npmjs.org/@types%2ftough-cookie 263ms (from cache)
134 silly pacote tag manifest for @types/tough-cookie@ts3.6 fetched in 268ms
135 http fetch GET 304 https://registry.npmjs.org/@types%2fstring-natural-compare 2084ms (from cache)
136 silly pacote tag manifest for @types/string-natural-compare@ts3.6 fetched in 2087ms
137 http fetch GET 304 https://registry.npmjs.org/@types%2ftr46 134ms (from cache)
138 silly registry:manifest no matching version for @types/tr46@ts3.6 in the cache. Forcing revalidation.
139 http fetch GET 304 https://registry.npmjs.org/@types%2ftype-check 150ms (from cache)
140 silly pacote tag manifest for @types/type-check@ts3.6 fetched in 153ms
141 http fetch GET 304 https://registry.npmjs.org/@types%2ftryer 258ms (from cache)
142 silly pacote tag manifest for @types/tryer@ts3.6 fetched in 262ms
143 http fetch GET 200 https://registry.npmjs.org/@types%2ftr46 138ms
144 silly fetchPackageMetaData error for @types/tr46@ts3.6 No matching version found for @types/tr46@ts3.6.
145 http fetch GET 304 https://registry.npmjs.org/@types%2ftype-detect 163ms (from cache)
146 silly pacote tag manifest for @types/type-detect@ts3.6 fetched in 166ms
147 http fetch GET 304 https://registry.npmjs.org/@types%2ftype-is 155ms (from cache)
148 silly pacote tag manifest for @types/type-is@ts3.6 fetched in 158ms
149 http fetch GET 304 https://registry.npmjs.org/@types%2ftypedarray-to-buffer 175ms (from cache)
150 silly registry:manifest no matching version for @types/typedarray-to-buffer@ts3.6 in the cache. Forcing revalidation.
151 http fetch GET 304 https://registry.npmjs.org/@types%2funbox-primitive 152ms (from cache)
152 silly registry:manifest no matching version for @types/unbox-primitive@ts3.6 in the cache. Forcing revalidation.
153 http fetch GET 200 https://registry.npmjs.org/@types%2ftypedarray-to-buffer 134ms
154 silly fetchPackageMetaData error for @types/typedarray-to-buffer@ts3.6 No matching version found for @types/typedarray-to-buffer@ts3.6.
155 http fetch GET 304 https://registry.npmjs.org/@types%2funiq 207ms (from cache)
156 silly pacote tag manifest for @types/uniq@ts3.6 fetched in 210ms
157 http fetch GET 304 https://registry.npmjs.org/@types%2fthrough2 1668ms (from cache)
158 http fetch GET 304 https://registry.npmjs.org/@types%2ftapable 2204ms (from cache)
159 silly pacote tag manifest for @types/through2@ts3.6 fetched in 1674ms
160 silly pacote tag manifest for @types/tapable@ts3.6 fetched in 2210ms
161 http fetch GET 304 https://registry.npmjs.org/@types%2funiversalify 165ms (from cache)
162 http fetch GET 304 https://registry.npmjs.org/@types%2fsymbol-tree 2252ms (from cache)
163 silly pacote tag manifest for @types/universalify@ts3.6 fetched in 168ms
164 silly pacote tag manifest for @types/symbol-tree@ts3.6 fetched in 2256ms
165 http fetch GET 304 https://registry.npmjs.org/@types%2ftmpl 1500ms (from cache)
166 silly registry:manifest no matching version for @types/tmpl@ts3.6 in the cache. Forcing revalidation.
167 http fetch GET 304 https://registry.npmjs.org/@types%2furl-parse 130ms (from cache)
168 silly pacote tag manifest for @types/url-parse@ts3.6 fetched in 132ms
169 http fetch GET 304 https://registry.npmjs.org/@types%2futil-deprecate 141ms (from cache)
170 silly pacote tag manifest for @types/util-deprecate@ts3.6 fetched in 144ms
171 http fetch GET 304 https://registry.npmjs.org/@types%2futil.promisify 133ms (from cache)
172 silly pacote tag manifest for @types/util.promisify@ts3.6 fetched in 135ms
173 http fetch GET 304 https://registry.npmjs.org/@types%2futils-merge 145ms (from cache)
174 silly pacote tag manifest for @types/utils-merge@ts3.6 fetched in 148ms
175 http fetch GET 304 https://registry.npmjs.org/@types%2ftmp 1714ms (from cache)
176 silly pacote tag manifest for @types/tmp@ts3.6 fetched in 1717ms
177 http fetch GET 304 https://registry.npmjs.org/@types%2fvalidate-npm-package-license 201ms (from cache)
178 silly pacote tag manifest for @types/validate-npm-package-license@ts3.6 fetched in 203ms
179 http fetch GET 304 https://registry.npmjs.org/@types%2fuuid 378ms (from cache)
180 http fetch GET 304 https://registry.npmjs.org/@types%2fw3c-xmlserializer 248ms (from cache)
181 http fetch GET 304 https://registry.npmjs.org/@types%2ftest-exclude 2337ms (from cache)
182 silly registry:manifest no matching version for @types/test-exclude@ts3.6 in the cache. Forcing revalidation.
183 silly pacote tag manifest for @types/uuid@ts3.6 fetched in 386ms
184 silly pacote tag manifest for @types/w3c-xmlserializer@ts3.6 fetched in 255ms
185 http fetch GET 304 https://registry.npmjs.org/@types%2fwatchpack 180ms (from cache)
186 silly pacote tag manifest for @types/watchpack@ts3.6 fetched in 183ms
187 http fetch GET 304 https://registry.npmjs.org/@types%2fwebidl-conversions 196ms (from cache)
188 http fetch GET 304 https://registry.npmjs.org/@types%2fwebpack 186ms (from cache)
189 silly pacote tag manifest for @types/webidl-conversions@ts3.6 fetched in 202ms
190 silly pacote tag manifest for @types/webpack@ts3.6 fetched in 191ms
191 http fetch GET 200 https://registry.npmjs.org/@types%2ftest-exclude 217ms
192 silly fetchPackageMetaData error for @types/test-exclude@ts3.6 No matching version found for @types/test-exclude@ts3.6.
193 http fetch GET 304 https://registry.npmjs.org/@types%2fwhatwg-encoding 135ms (from cache)
194 silly pacote tag manifest for @types/whatwg-encoding@ts3.6 fetched in 138ms
195 http fetch GET 304 https://registry.npmjs.org/@types%2fwebpack-sources 151ms (from cache)
196 silly pacote tag manifest for @types/webpack-sources@ts3.6 fetched in 153ms
197 http fetch GET 304 https://registry.npmjs.org/@types%2fw3c-hr-time 711ms (from cache)
198 silly pacote tag manifest for @types/w3c-hr-time@ts3.6 fetched in 714ms
199 http fetch GET 200 https://registry.npmjs.org/@types%2fto-regex 2184ms
200 silly fetchPackageMetaData error for @types/to-regex@ts3.6 No matching version found for @types/to-regex@ts3.6.
201 http fetch GET 304 https://registry.npmjs.org/@types%2fwhatwg-mimetype 117ms (from cache)
202 silly pacote tag manifest for @types/whatwg-mimetype@ts3.6 fetched in 121ms
203 http fetch GET 304 https://registry.npmjs.org/@types%2fwhich 131ms (from cache)
204 silly pacote tag manifest for @types/which@ts3.6 fetched in 134ms
205 http fetch GET 304 https://registry.npmjs.org/@types%2fwhich-boxed-primitive 147ms (from cache)
206 silly registry:manifest no matching version for @types/which-boxed-primitive@ts3.6 in the cache. Forcing revalidation.
207 http fetch GET 304 https://registry.npmjs.org/@types%2fwhatwg-url 257ms (from cache)
208 silly pacote tag manifest for @types/whatwg-url@ts3.6 fetched in 260ms
209 http fetch GET 304 https://registry.npmjs.org/@types%2fwhich-pm-runs 198ms (from cache)
210 silly pacote tag manifest for @types/which-pm-runs@ts3.6 fetched in 202ms
211 http fetch GET 200 https://registry.npmjs.org/@types%2fwhich-boxed-primitive 141ms
212 silly fetchPackageMetaData error for @types/which-boxed-primitive@ts3.6 No matching version found for @types/which-boxed-primitive@ts3.6.
213 http fetch GET 304 https://registry.npmjs.org/@types%2fwrite-file-atomic 134ms (from cache)
214 silly pacote tag manifest for @types/write-file-atomic@ts3.6 fetched in 139ms
215 http fetch GET 304 https://registry.npmjs.org/@types%2fws 164ms (from cache)
216 silly pacote tag manifest for @types/ws@ts3.6 fetched in 168ms
217 http fetch GET 304 https://registry.npmjs.org/@types%2fxml-name-validator 148ms (from cache)
218 silly registry:manifest no matching version for @types/xml-name-validator@ts3.6 in the cache. Forcing revalidation.
219 http fetch GET 200 https://registry.npmjs.org/@types%2ftmpl 1439ms
220 silly fetchPackageMetaData error for @types/tmpl@ts3.6 No matching version found for @types/tmpl@ts3.6.
221 http fetch GET 200 https://registry.npmjs.org/@types%2fxml-name-validator 137ms
222 silly fetchPackageMetaData error for @types/xml-name-validator@ts3.6 No matching version found for @types/xml-name-validator@ts3.6.
223 http fetch GET 304 https://registry.npmjs.org/@types%2furix 1735ms (from cache)
224 silly pacote tag manifest for @types/urix@ts3.6 fetched in 1739ms
225 http fetch GET 304 https://registry.npmjs.org/@types%2fyargs 143ms (from cache)
226 silly pacote tag manifest for @types/yargs@ts3.6 fetched in 148ms
227 http fetch GET 304 https://registry.npmjs.org/@types%2fyargs-parser 136ms (from cache)
228 silly pacote tag manifest for @types/yargs-parser@ts3.6 fetched in 141ms
229 http fetch GET 200 https://registry.npmjs.org/@types%2funbox-primitive 2113ms
230 silly fetchPackageMetaData error for @types/unbox-primitive@ts3.6 No matching version found for @types/unbox-primitive@ts3.6.
231 http fetch GET 304 https://registry.npmjs.org/@types%2fvary 2392ms (from cache)
232 http fetch GET 304 https://registry.npmjs.org/@types%2fwcwidth 2036ms (from cache)
233 silly pacote tag manifest for @types/vary@ts3.6 fetched in 2395ms
234 silly pacote tag manifest for @types/wcwidth@ts3.6 fetched in 2041ms
235 http fetch GET 304 https://registry.npmjs.org/@types%2fyallist 1856ms (from cache)
236 http fetch GET 304 https://registry.npmjs.org/@types%2fworkbox-sw 2197ms (from cache)
237 http fetch GET 304 https://registry.npmjs.org/@types%2fwebpack-manifest-plugin 2499ms (from cache)
238 silly pacote tag manifest for @types/yallist@ts3.6 fetched in 1859ms
239 silly pacote tag manifest for @types/workbox-sw@ts3.6 fetched in 2200ms
240 silly pacote tag manifest for @types/webpack-manifest-plugin@ts3.6 fetched in 2502ms
241 http fetch GET 304 https://registry.npmjs.org/@types%2fxtend 2111ms (from cache)
242 silly pacote tag manifest for @types/xtend@ts3.6 fetched in 2114ms
243 timing stage:rollbackFailedOptional Completed in 1ms
244 timing stage:runTopLevelLifecycles Completed in 8149ms
245 verbose type tag
246 verbose stack @types/lint-staged: No matching version found for @types/lint-staged@ts3.6.
246 verbose stack     at pickManifest (/usr/local/lib/node_modules/npm/node_modules/npm-pick-manifest/index.js:122:13)
246 verbose stack     at /usr/local/lib/node_modules/npm/node_modules/pacote/lib/fetchers/registry/manifest.js:24:14
246 verbose stack     at tryCatcher (/usr/local/lib/node_modules/npm/node_modules/bluebird/js/release/util.js:16:23)
246 verbose stack     at Promise._settlePromiseFromHandler (/usr/local/lib/node_modules/npm/node_modules/bluebird/js/release/promise.js:517:31)
246 verbose stack     at Promise._settlePromise (/usr/local/lib/node_modules/npm/node_modules/bluebird/js/release/promise.js:574:18)
246 verbose stack     at Promise._settlePromise0 (/usr/local/lib/node_modules/npm/node_modules/bluebird/js/release/promise.js:619:10)
246 verbose stack     at Promise._settlePromises (/usr/local/lib/node_modules/npm/node_modules/bluebird/js/release/promise.js:699:18)
246 verbose stack     at _drainQueueStep (/usr/local/lib/node_modules/npm/node_modules/bluebird/js/release/async.js:138:12)
246 verbose stack     at _drainQueue (/usr/local/lib/node_modules/npm/node_modules/bluebird/js/release/async.js:131:9)
246 verbose stack     at Async._drainQueues (/usr/local/lib/node_modules/npm/node_modules/bluebird/js/release/async.js:147:5)
246 verbose stack     at Immediate.Async.drainQueues [as _onImmediate] (/usr/local/lib/node_modules/npm/node_modules/bluebird/js/release/async.js:17:14)
246 verbose stack     at processImmediate (internal/timers.js:456:21)
247 verbose cwd /home/theia/.cache/typescript/3.6
248 verbose Linux 6.4.16-linuxkit
249 verbose argv "/usr/local/bin/node" "/usr/local/bin/npm" "install" "--ignore-scripts" "@types/react@ts3.6" "@types/react-dom@ts3.6" "@types/eslint-config-prettier@ts3.6" "@types/eslint-plugin-prettier@ts3.6" "@types/lint-staged@ts3.6" "@types/safe-regex@ts3.6" "@types/safe-regex-test@ts3.6" "@types/safer-buffer@ts3.6" "@types/sane@ts3.6" "@types/sass-loader@ts3.6" "@types/sax@ts3.6" "@types/scheduler@ts3.6" "@types/selfsigned@ts3.6" "@types/semver@ts3.6" "@types/semver-compare@ts3.6" "@types/send@ts3.6" "@types/serialize-javascript@ts3.6" "@types/serve-index@ts3.6" "@types/serve-static@ts3.6" "@types/set-blocking@ts3.6" "@types/set-cookie-parser@ts3.6" "@types/set-value@ts3.6" "@types/setimmediate@ts3.6" "@types/sha.js@ts3.6" "@types/shebang-command@ts3.6" "@types/shell-quote@ts3.6" "@types/signal-exit@ts3.6" "@types/simple-swizzle@ts3.6" "@types/sockjs@ts3.6" "@types/sockjs-client@ts3.6" "@types/source-list-map@ts3.6" "@types/source-map-support@ts3.6" "@types/spdx-correct@ts3.6" "@types/spdx-expression-parse@ts3.6" "@types/spdy@ts3.6" "@types/sprintf@ts3.6" "@types/sprintf-js@ts3.6" "@types/ssri@ts3.6" "@types/stack-utils@ts3.6" "@types/statuses@ts3.6" "@types/stream-each@ts3.6" "@types/stream-shift@ts3.6" "@types/strict-uri-encode@ts3.6" "@types/string-natural-compare@ts3.6" "@types/string.prototype.matchall@ts3.6" "@types/stringify-object@ts3.6" "@types/strip-comments@ts3.6" "@types/strip-final-newline@ts3.6" "@types/supports-color@ts3.6" "@types/svg-parser@ts3.6" "@types/symbol-tree@ts3.6" "@types/tapable@ts3.6" "@types/tar@ts3.6" "@types/test-exclude@ts3.6" "@types/text-table@ts3.6" "@types/through@ts3.6" "@types/through2@ts3.6" "@types/thunky@ts3.6" "@types/timsort@ts3.6" "@types/tmp@ts3.6" "@types/tmpl@ts3.6" "@types/to-regex@ts3.6" "@types/to-regex-range@ts3.6" "@types/toidentifier@ts3.6" "@types/tough-cookie@ts3.6" "@types/tr46@ts3.6" "@types/tryer@ts3.6" "@types/type-check@ts3.6" "@types/type-detect@ts3.6" "@types/type-is@ts3.6" "@types/typedarray-to-buffer@ts3.6" "@types/unbox-primitive@ts3.6" "@types/uniq@ts3.6" "@types/universalify@ts3.6" "@types/urix@ts3.6" "@types/url-parse@ts3.6" "@types/util-deprecate@ts3.6" "@types/util.promisify@ts3.6" "@types/utils-merge@ts3.6" "@types/uuid@ts3.6" "@types/validate-npm-package-license@ts3.6" "@types/vary@ts3.6" "@types/w3c-hr-time@ts3.6" "@types/w3c-xmlserializer@ts3.6" "@types/watchpack@ts3.6" "@types/wcwidth@ts3.6" "@types/webidl-conversions@ts3.6" "@types/webpack@ts3.6" "@types/webpack-manifest-plugin@ts3.6" "@types/webpack-sources@ts3.6" "@types/whatwg-encoding@ts3.6" "@types/whatwg-mimetype@ts3.6" "@types/whatwg-url@ts3.6" "@types/which@ts3.6" "@types/which-boxed-primitive@ts3.6" "@types/which-pm-runs@ts3.6" "@types/workbox-sw@ts3.6" "@types/write-file-atomic@ts3.6" "@types/ws@ts3.6" "@types/xml-name-validator@ts3.6" "@types/xtend@ts3.6" "@types/yallist@ts3.6" "@types/yargs@ts3.6" "@types/yargs-parser@ts3.6" "--save-dev" "--user-agent=typesInstaller/3.6.3"
250 verbose node v12.18.3
251 verbose npm  v6.14.6
252 error code ETARGET
253 error notarget No matching version found for @types/lint-staged@ts3.6.
254 error notarget In most cases you or one of your dependencies are requesting
254 error notarget a package version that doesn't exist.
255 verbose exit [ 1, true ]
