0 info it worked if it ends with ok
1 verbose cli [
1 verbose cli   '/usr/local/bin/node',
1 verbose cli   '/usr/local/bin/npm',
1 verbose cli   'install',
1 verbose cli   '--ignore-scripts',
1 verbose cli   '@types/react@ts3.6',
1 verbose cli   '@types/react-dom@ts3.6',
1 verbose cli   '@types/eslint-config-prettier@ts3.6',
1 verbose cli   '@types/eslint-plugin-prettier@ts3.6',
1 verbose cli   '@types/lint-staged@ts3.6',
1 verbose cli   '@types/core-js@ts3.6',
1 verbose cli   '@types/core-util-is@ts3.6',
1 verbose cli   '@types/create-hash@ts3.6',
1 verbose cli   '@types/create-hmac@ts3.6',
1 verbose cli   '@types/cross-spawn@ts3.6',
1 verbose cli   '@types/css@ts3.6',
1 verbose cli   '@types/css-declaration-sorter@ts3.6',
1 verbose cli   '@types/css-tree@ts3.6',
1 verbose cli   '@types/css.escape@ts3.6',
1 verbose cli   '@types/cssesc@ts3.6',
1 verbose cli   '@types/csso@ts3.6',
1 verbose cli   '@types/cssom@ts3.6',
1 verbose cli   '@types/cssstyle@ts3.6',
1 verbose cli   '@types/d@ts3.6',
1 verbose cli   '@types/damerau-levenshtein@ts3.6',
1 verbose cli   '@types/data-urls@ts3.6',
1 verbose cli   '@types/debug@ts3.6',
1 verbose cli   '@types/decode-uri-component@ts3.6',
1 verbose cli   '@types/dedent@ts3.6',
1 verbose cli   '@types/deep-equal@ts3.6',
1 verbose cli   '@types/default-gateway@ts3.6',
1 verbose cli   '@types/defaults@ts3.6',
1 verbose cli   '@types/define-properties@ts3.6',
1 verbose cli   '@types/depd@ts3.6',
1 verbose cli   '@types/destroy@ts3.6',
1 verbose cli   '@types/detect-node@ts3.6',
1 verbose cli   '@types/diffie-hellman@ts3.6',
1 verbose cli   '@types/dir-glob@ts3.6',
1 verbose cli   '@types/dns-packet@ts3.6',
1 verbose cli   '@types/dns-txt@ts3.6',
1 verbose cli   '@types/doctrine@ts3.6',
1 verbose cli   '@types/domexception@ts3.6',
1 verbose cli   '@types/domutils@ts3.6',
1 verbose cli   '@types/duplexify@ts3.6',
1 verbose cli   '@types/ee-first@ts3.6',
1 verbose cli   '@types/ejs@ts3.6',
1 verbose cli   '@types/elliptic@ts3.6',
1 verbose cli   '@types/encodeurl@ts3.6',
1 verbose cli   '@types/end-of-stream@ts3.6',
1 verbose cli   '@types/es-abstract@ts3.6',
1 verbose cli   '@types/es-to-primitive@ts3.6',
1 verbose cli   '@types/escape-html@ts3.6',
1 verbose cli   '@types/escodegen@ts3.6',
1 verbose cli   '@types/eslint@ts3.6',
1 verbose cli   '@types/eslint-scope@ts3.6',
1 verbose cli   '@types/eslint-utils@ts3.6',
1 verbose cli   '@types/esprima@ts3.6',
1 verbose cli   '@types/esquery@ts3.6',
1 verbose cli   '@types/estraverse@ts3.6',
1 verbose cli   '@types/esutils@ts3.6',
1 verbose cli   '@types/etag@ts3.6',
1 verbose cli   '@types/events@ts3.6',
1 verbose cli   '@types/eventsource@ts3.6',
1 verbose cli   '@types/exit@ts3.6',
1 verbose cli   '@types/fast-levenshtein@ts3.6',
1 verbose cli   '@types/fb-watchman@ts3.6',
1 verbose cli   '@types/file-entry-cache@ts3.6',
1 verbose cli   '@types/file-loader@ts3.6',
1 verbose cli   '@types/fill-range@ts3.6',
1 verbose cli   '@types/finalhandler@ts3.6',
1 verbose cli   '@types/flat-cache@ts3.6',
1 verbose cli   '@types/flush-write-stream@ts3.6',
1 verbose cli   '@types/follow-redirects@ts3.6',
1 verbose cli   '@types/for-each@ts3.6',
1 verbose cli   '@types/forwarded@ts3.6',
1 verbose cli   '@types/fresh@ts3.6',
1 verbose cli   '@types/from2@ts3.6',
1 verbose cli   '@types/fs-extra@ts3.6',
1 verbose cli   '@types/fs-minipass@ts3.6',
1 verbose cli   '@types/function-bind@ts3.6',
1 verbose cli   '@types/function.prototype.name@ts3.6',
1 verbose cli   '@types/functional-red-black-tree@ts3.6',
1 verbose cli   '@types/functions-have-names@ts3.6',
1 verbose cli   '@types/gensync@ts3.6',
1 verbose cli   '@types/get-intrinsic@ts3.6',
1 verbose cli   '@types/get-value@ts3.6',
1 verbose cli   '@types/glob-parent@ts3.6',
1 verbose cli   '@types/global-modules@ts3.6',
1 verbose cli   '@types/global-prefix@ts3.6',
1 verbose cli   '@types/globalthis@ts3.6',
1 verbose cli   '@types/gopd@ts3.6',
1 verbose cli   '@types/graceful-fs@ts3.6',
1 verbose cli   '@types/has@ts3.6',
1 verbose cli   '@types/has-bigints@ts3.6',
1 verbose cli   '@types/has-property-descriptors@ts3.6',
1 verbose cli   '@types/has-symbols@ts3.6',
1 verbose cli   '@types/has-values@ts3.6',
1 verbose cli   '@types/he@ts3.6',
1 verbose cli   '@types/hex-color-regex@ts3.6',
1 verbose cli   '@types/hoist-non-react-statics@ts3.6',
1 verbose cli   '@types/hosted-git-info@ts3.6',
1 verbose cli   ... 84 more items
1 verbose cli ]
2 info using npm@6.14.6
3 info using node@v12.18.3
4 verbose npm-session 4be646cc73ad06e0
5 silly install loadCurrentTree
6 silly install readLocalPackageData
7 http fetch GET 200 https://registry.npmjs.org/@types%2fcross-spawn 538ms
8 http fetch GET 200 https://registry.npmjs.org/@types%2fcreate-hmac 540ms
9 http fetch GET 200 https://registry.npmjs.org/@types%2fcore-js 566ms
10 http fetch GET 200 https://registry.npmjs.org/@types%2fcore-util-is 612ms
11 silly fetchPackageMetaData error for @types/core-util-is@ts3.6 No matching version found for @types/core-util-is@ts3.6.
12 http fetch GET 200 https://registry.npmjs.org/@types%2fcreate-hash 628ms
13 http fetch GET 304 https://registry.npmjs.org/@types%2freact 700ms (from cache)
14 http fetch GET 304 https://registry.npmjs.org/@types%2freact-dom 706ms (from cache)
15 silly pacote tag manifest for @types/react@ts3.6 fetched in 747ms
16 silly pacote tag manifest for @types/react-dom@ts3.6 fetched in 731ms
17 http fetch GET 304 https://registry.npmjs.org/@types%2feslint-config-prettier 729ms (from cache)
18 http fetch GET 304 https://registry.npmjs.org/@types%2feslint-plugin-prettier 733ms (from cache)
19 silly pacote tag manifest for @types/eslint-config-prettier@ts3.6 fetched in 743ms
20 http fetch GET 304 https://registry.npmjs.org/@types%2flint-staged 740ms (from cache)
21 silly pacote tag manifest for @types/eslint-plugin-prettier@ts3.6 fetched in 746ms
22 silly registry:manifest no matching version for @types/lint-staged@ts3.6 in the cache. Forcing revalidation.
23 http fetch GET 200 https://registry.npmjs.org/@types%2fcss 137ms
24 http fetch GET 200 https://registry.npmjs.org/@types%2fcss-declaration-sorter 135ms
25 http fetch GET 200 https://registry.npmjs.org/@types%2fcssesc 170ms
26 http fetch GET 200 https://registry.npmjs.org/@types%2fcss-tree 190ms
27 http fetch GET 200 https://registry.npmjs.org/@types%2flint-staged 171ms
28 silly fetchPackageMetaData error for @types/lint-staged@ts3.6 No matching version found for @types/lint-staged@ts3.6.
29 http fetch GET 200 https://registry.npmjs.org/@types%2fcss.escape 214ms
30 silly fetchPackageMetaData error for @types/css.escape@ts3.6 No matching version found for @types/css.escape@ts3.6.
31 http fetch GET 200 https://registry.npmjs.org/@types/create-hash/-/create-hash-1.2.2.tgz 496ms
32 http fetch GET 200 https://registry.npmjs.org/@types%2fcssom 200ms
33 silly pacote tag manifest for @types/create-hash@ts3.6 fetched in 1153ms
34 http fetch GET 200 https://registry.npmjs.org/@types%2fcssstyle 158ms
35 http fetch GET 200 https://registry.npmjs.org/@types/cssesc/-/cssesc-3.0.0.tgz 452ms
36 silly pacote tag manifest for @types/cssesc@ts3.6 fetched in 642ms
37 http fetch GET 200 https://registry.npmjs.org/@types%2fd 181ms
38 http fetch GET 200 https://registry.npmjs.org/@types/d/-/d-1.0.1.tgz 154ms
39 silly pacote tag manifest for @types/d@ts3.6 fetched in 349ms
40 http fetch GET 200 https://registry.npmjs.org/@types%2fdamerau-levenshtein 170ms
41 http fetch GET 200 https://registry.npmjs.org/@types/core-js/-/core-js-2.5.5.tgz 1321ms
42 silly pacote tag manifest for @types/core-js@ts3.6 fetched in 1935ms
43 http fetch GET 200 https://registry.npmjs.org/@types/cross-spawn/-/cross-spawn-6.0.2.tgz 1381ms
44 http fetch GET 200 https://registry.npmjs.org/@types/create-hmac/-/create-hmac-1.1.0.tgz 1383ms
45 silly pacote tag manifest for @types/cross-spawn@ts3.6 fetched in 1957ms
46 silly pacote tag manifest for @types/create-hmac@ts3.6 fetched in 1965ms
47 http fetch GET 200 https://registry.npmjs.org/@types%2fdata-urls 131ms
48 http fetch GET 200 https://registry.npmjs.org/@types/css/-/css-0.0.33.tgz 1327ms
49 http fetch GET 304 https://registry.npmjs.org/@types%2fdebug 135ms (from cache)
50 silly pacote tag manifest for @types/css@ts3.6 fetched in 1483ms
51 silly pacote tag manifest for @types/debug@ts3.6 fetched in 143ms
52 http fetch GET 200 https://registry.npmjs.org/@types%2fdecode-uri-component 151ms
53 http fetch GET 200 https://registry.npmjs.org/@types%2fcsso 1262ms
54 http fetch GET 200 https://registry.npmjs.org/@types/css-declaration-sorter/-/css-declaration-sorter-5.1.0.tgz 1363ms
55 silly pacote tag manifest for @types/css-declaration-sorter@ts3.6 fetched in 1533ms
56 http fetch GET 200 https://registry.npmjs.org/@types%2fdeep-equal 141ms
57 http fetch GET 200 https://registry.npmjs.org/@types/css-tree/-/css-tree-1.0.6.tgz 1363ms
58 silly pacote tag manifest for @types/css-tree@ts3.6 fetched in 1572ms
59 http fetch GET 200 https://registry.npmjs.org/@types%2fdedent 181ms
60 http fetch GET 200 https://registry.npmjs.org/@types%2fdefaults 205ms
61 http fetch GET 200 https://registry.npmjs.org/@types/cssom/-/cssom-0.4.1.tgz 1404ms
62 silly pacote tag manifest for @types/cssom@ts3.6 fetched in 1625ms
63 http fetch GET 200 https://registry.npmjs.org/@types/decode-uri-component/-/decode-uri-component-0.2.0.tgz 447ms
64 silly pacote tag manifest for @types/decode-uri-component@ts3.6 fetched in 610ms
65 http fetch GET 200 https://registry.npmjs.org/@types/cssstyle/-/cssstyle-2.2.1.tgz 1391ms
66 http fetch GET 200 https://registry.npmjs.org/@types/csso/-/csso-4.2.0.tgz 545ms
67 http fetch GET 200 https://registry.npmjs.org/@types%2fdepd 135ms
68 silly pacote tag manifest for @types/cssstyle@ts3.6 fetched in 1573ms
69 http fetch GET 200 https://registry.npmjs.org/@types%2fdefine-properties 155ms
70 silly pacote tag manifest for @types/depd@ts3.6 fetched in 148ms
71 silly pacote tag manifest for @types/csso@ts3.6 fetched in 1841ms
72 http fetch GET 304 https://registry.npmjs.org/@types%2fdestroy 122ms (from cache)
73 silly pacote tag manifest for @types/destroy@ts3.6 fetched in 128ms
74 http fetch GET 200 https://registry.npmjs.org/@types%2fdiffie-hellman 129ms
75 http fetch GET 200 https://registry.npmjs.org/@types%2fdetect-node 171ms
76 http fetch GET 200 https://registry.npmjs.org/@types%2fdir-glob 230ms
77 http fetch GET 200 https://registry.npmjs.org/@types/define-properties/-/define-properties-1.1.3.tgz 435ms
78 silly pacote tag manifest for @types/define-properties@ts3.6 fetched in 605ms
79 http fetch GET 200 https://registry.npmjs.org/@types/damerau-levenshtein/-/damerau-levenshtein-1.0.0.tgz 1341ms
80 silly pacote tag manifest for @types/damerau-levenshtein@ts3.6 fetched in 1529ms
81 http fetch GET 200 https://registry.npmjs.org/@types/diffie-hellman/-/diffie-hellman-5.0.0.tgz 465ms
82 silly pacote tag manifest for @types/diffie-hellman@ts3.6 fetched in 624ms
83 http fetch GET 200 https://registry.npmjs.org/@types%2fdns-packet 205ms
84 http fetch GET 200 https://registry.npmjs.org/@types%2fdns-txt 169ms
85 silly fetchPackageMetaData error for @types/dns-txt@ts3.6 No matching version found for @types/dns-txt@ts3.6.
86 http fetch GET 200 https://registry.npmjs.org/@types/data-urls/-/data-urls-2.0.1.tgz 1375ms
87 silly pacote tag manifest for @types/data-urls@ts3.6 fetched in 1523ms
88 http fetch GET 200 https://registry.npmjs.org/@types/deep-equal/-/deep-equal-1.0.1.tgz 1224ms
89 silly pacote tag manifest for @types/deep-equal@ts3.6 fetched in 1380ms
90 http fetch GET 200 https://registry.npmjs.org/@types%2fdomexception 115ms
91 http fetch GET 200 https://registry.npmjs.org/@types%2fdoctrine 240ms
92 http fetch GET 200 https://registry.npmjs.org/@types%2fduplexify 123ms
93 http fetch GET 200 https://registry.npmjs.org/@types%2fdomutils 167ms
94 http fetch GET 200 https://registry.npmjs.org/@types/dedent/-/dedent-0.7.0.tgz 1409ms
95 silly pacote tag manifest for @types/dedent@ts3.6 fetched in 1601ms
96 http fetch GET 200 https://registry.npmjs.org/@types/domutils/-/domutils-1.7.4.tgz 156ms
97 silly pacote tag manifest for @types/domutils@ts3.6 fetched in 337ms
98 http fetch GET 200 https://registry.npmjs.org/@types/duplexify/-/duplexify-3.6.0.tgz 217ms
99 http fetch GET 200 https://registry.npmjs.org/@types/defaults/-/defaults-1.0.3.tgz 1359ms
100 silly pacote tag manifest for @types/duplexify@ts3.6 fetched in 365ms
101 http fetch GET 304 https://registry.npmjs.org/@types%2fee-first 148ms (from cache)
102 silly pacote tag manifest for @types/ee-first@ts3.6 fetched in 158ms
103 silly pacote tag manifest for @types/defaults@ts3.6 fetched in 1589ms
104 http fetch GET 200 https://registry.npmjs.org/@types%2fejs 125ms
105 http fetch GET 200 https://registry.npmjs.org/@types%2felliptic 143ms
106 http fetch GET 304 https://registry.npmjs.org/@types%2fend-of-stream 164ms (from cache)
107 silly pacote tag manifest for @types/end-of-stream@ts3.6 fetched in 169ms
108 http fetch GET 304 https://registry.npmjs.org/@types%2fencodeurl 183ms (from cache)
109 silly pacote tag manifest for @types/encodeurl@ts3.6 fetched in 191ms
110 http fetch GET 200 https://registry.npmjs.org/@types/doctrine/-/doctrine-0.0.4.tgz 487ms
111 http fetch GET 200 https://registry.npmjs.org/@types/ejs/-/ejs-3.1.0.tgz 198ms
112 silly pacote tag manifest for @types/doctrine@ts3.6 fetched in 749ms
113 silly pacote tag manifest for @types/ejs@ts3.6 fetched in 345ms
114 http fetch GET 200 https://registry.npmjs.org/@types/detect-node/-/detect-node-2.0.0.tgz 1225ms
115 silly pacote tag manifest for @types/detect-node@ts3.6 fetched in 1411ms
116 http fetch GET 200 https://registry.npmjs.org/@types%2fes-abstract 135ms
117 http fetch GET 200 https://registry.npmjs.org/@types%2fes-to-primitive 132ms
118 http fetch GET 200 https://registry.npmjs.org/@types%2fescodegen 122ms
119 http fetch GET 304 https://registry.npmjs.org/@types%2fescape-html 138ms (from cache)
120 silly pacote tag manifest for @types/escape-html@ts3.6 fetched in 147ms
121 http fetch GET 200 https://registry.npmjs.org/@types/dir-glob/-/dir-glob-2.0.1.tgz 1229ms
122 http fetch GET 200 https://registry.npmjs.org/@types%2feslint 181ms
123 silly pacote tag manifest for @types/dir-glob@ts3.6 fetched in 1478ms
124 http fetch GET 200 https://registry.npmjs.org/@types%2feslint-scope 159ms
125 http fetch GET 200 https://registry.npmjs.org/@types%2feslint-utils 132ms
126 http fetch GET 200 https://registry.npmjs.org/@types/elliptic/-/elliptic-6.4.13.tgz 463ms
127 silly pacote tag manifest for @types/elliptic@ts3.6 fetched in 633ms
128 http fetch GET 200 https://registry.npmjs.org/@types%2fesprima 143ms
129 http fetch GET 200 https://registry.npmjs.org/@types/es-abstract/-/es-abstract-1.16.6.tgz 478ms
130 silly pacote tag manifest for @types/es-abstract@ts3.6 fetched in 628ms
131 http fetch GET 200 https://registry.npmjs.org/@types/dns-packet/-/dns-packet-5.2.2.tgz 1319ms
132 silly pacote tag manifest for @types/dns-packet@ts3.6 fetched in 1541ms
133 http fetch GET 200 https://registry.npmjs.org/@types%2fdefault-gateway 2507ms
134 http fetch GET 200 https://registry.npmjs.org/@types%2fesquery 121ms
135 http fetch GET 200 https://registry.npmjs.org/@types%2festraverse 127ms
136 http fetch GET 200 https://registry.npmjs.org/@types/domexception/-/domexception-2.0.1.tgz 1313ms
137 silly pacote tag manifest for @types/domexception@ts3.6 fetched in 1441ms
138 http fetch GET 200 https://registry.npmjs.org/@types/esquery/-/esquery-1.0.2.tgz 166ms
139 http fetch GET 200 https://registry.npmjs.org/@types/estraverse/-/estraverse-5.1.1.tgz 123ms
140 http fetch GET 200 https://registry.npmjs.org/@types/eslint-utils/-/eslint-utils-3.0.0.tgz 506ms
141 silly pacote tag manifest for @types/esquery@ts3.6 fetched in 305ms
142 silly pacote tag manifest for @types/estraverse@ts3.6 fetched in 274ms
143 silly pacote tag manifest for @types/eslint-utils@ts3.6 fetched in 662ms
144 http fetch GET 200 https://registry.npmjs.org/@types%2fesutils 150ms
145 http fetch GET 200 https://registry.npmjs.org/@types%2fevents 136ms
146 http fetch GET 304 https://registry.npmjs.org/@types%2fetag 173ms (from cache)
147 silly pacote tag manifest for @types/etag@ts3.6 fetched in 180ms
148 http fetch GET 200 https://registry.npmjs.org/@types/default-gateway/-/default-gateway-3.0.1.tgz 470ms
149 http fetch GET 200 https://registry.npmjs.org/@types%2feventsource 236ms
150 silly pacote tag manifest for @types/default-gateway@ts3.6 fetched in 2994ms
151 http fetch GET 200 https://registry.npmjs.org/@types/events/-/events-3.0.0.tgz 147ms
152 http fetch GET 200 https://registry.npmjs.org/@types%2fexit 118ms
153 silly pacote tag manifest for @types/events@ts3.6 fetched in 296ms
154 http fetch GET 200 https://registry.npmjs.org/@types%2ffast-levenshtein 113ms
155 http fetch GET 200 https://registry.npmjs.org/@types/es-to-primitive/-/es-to-primitive-1.2.4.tgz 1217ms
156 http fetch GET 200 https://registry.npmjs.org/@types%2ffb-watchman 127ms
157 silly pacote tag manifest for @types/es-to-primitive@ts3.6 fetched in 1368ms
158 http fetch GET 200 https://registry.npmjs.org/@types%2ffile-entry-cache 132ms
159 http fetch GET 200 https://registry.npmjs.org/@types/escodegen/-/escodegen-0.0.7.tgz 1326ms
160 silly pacote tag manifest for @types/escodegen@ts3.6 fetched in 1462ms
161 http fetch GET 200 https://registry.npmjs.org/@types/eslint/-/eslint-7.28.0.tgz 1368ms
162 silly pacote tag manifest for @types/eslint@ts3.6 fetched in 1569ms
163 http fetch GET 200 https://registry.npmjs.org/@types/eslint-scope/-/eslint-scope-3.7.1.tgz 1294ms
164 http fetch GET 200 https://registry.npmjs.org/@types%2ffile-loader 133ms
165 silly pacote tag manifest for @types/eslint-scope@ts3.6 fetched in 1469ms
166 http fetch GET 200 https://registry.npmjs.org/@types%2ffill-range 125ms
167 silly fetchPackageMetaData error for @types/fill-range@ts3.6 No matching version found for @types/fill-range@ts3.6.
168 http fetch GET 304 https://registry.npmjs.org/@types%2ffinalhandler 127ms (from cache)
169 silly pacote tag manifest for @types/finalhandler@ts3.6 fetched in 132ms
170 http fetch GET 200 https://registry.npmjs.org/@types%2fflat-cache 110ms
171 http fetch GET 200 https://registry.npmjs.org/@types%2fflush-write-stream 116ms
172 http fetch GET 200 https://registry.npmjs.org/@types/esprima/-/esprima-4.0.3.tgz 1406ms
173 silly pacote tag manifest for @types/esprima@ts3.6 fetched in 1562ms
174 http fetch GET 200 https://registry.npmjs.org/@types%2ffollow-redirects 134ms
175 http fetch GET 200 https://registry.npmjs.org/@types/esutils/-/esutils-2.0.0.tgz 1266ms
176 silly pacote tag manifest for @types/esutils@ts3.6 fetched in 1428ms
177 http fetch GET 200 https://registry.npmjs.org/@types%2ffor-each 102ms
178 silly fetchPackageMetaData error for @types/for-each@ts3.6 No matching version found for @types/for-each@ts3.6.
179 http fetch GET 304 https://registry.npmjs.org/@types%2fforwarded 111ms (from cache)
180 silly pacote tag manifest for @types/forwarded@ts3.6 fetched in 114ms
181 http fetch GET 200 https://registry.npmjs.org/@types/eventsource/-/eventsource-1.1.6.tgz 1335ms
182 http fetch GET 200 https://registry.npmjs.org/@types/exit/-/exit-0.1.31.tgz 1285ms
183 silly pacote tag manifest for @types/eventsource@ts3.6 fetched in 1585ms
184 silly pacote tag manifest for @types/exit@ts3.6 fetched in 1420ms
185 http fetch GET 304 https://registry.npmjs.org/@types%2ffresh 133ms (from cache)
186 silly pacote tag manifest for @types/fresh@ts3.6 fetched in 138ms
187 http fetch GET 200 https://registry.npmjs.org/@types%2ffs-extra 145ms
188 http fetch GET 200 https://registry.npmjs.org/@types%2ffrom2 167ms
189 http fetch GET 200 https://registry.npmjs.org/@types/fast-levenshtein/-/fast-levenshtein-0.0.2.tgz 1389ms
190 http fetch GET 200 https://registry.npmjs.org/@types/fb-watchman/-/fb-watchman-2.0.1.tgz 1334ms
191 silly pacote tag manifest for @types/fast-levenshtein@ts3.6 fetched in 1525ms
192 silly pacote tag manifest for @types/fb-watchman@ts3.6 fetched in 1489ms
193 http fetch GET 200 https://registry.npmjs.org/@types%2ffs-minipass 127ms
194 silly fetchPackageMetaData error for @types/fs-minipass@ts3.6 No matching version found for @types/fs-minipass@ts3.6.
195 http fetch GET 200 https://registry.npmjs.org/@types/file-entry-cache/-/file-entry-cache-5.0.2.tgz 1297ms
196 silly pacote tag manifest for @types/file-entry-cache@ts3.6 fetched in 1449ms
197 http fetch GET 200 https://registry.npmjs.org/@types%2ffunction.prototype.name 125ms
198 silly fetchPackageMetaData error for @types/function.prototype.name@ts3.6 No matching version found for @types/function.prototype.name@ts3.6.
199 http fetch GET 200 https://registry.npmjs.org/@types%2ffunctional-red-black-tree 125ms
200 http fetch GET 200 https://registry.npmjs.org/@types%2ffunction-bind 155ms
201 http fetch GET 200 https://registry.npmjs.org/@types%2ffunctions-have-names 134ms
202 silly fetchPackageMetaData error for @types/functions-have-names@ts3.6 No matching version found for @types/functions-have-names@ts3.6.
203 http fetch GET 200 https://registry.npmjs.org/@types%2fgensync 112ms
204 silly fetchPackageMetaData error for @types/gensync@ts3.6 No matching version found for @types/gensync@ts3.6.
205 http fetch GET 200 https://registry.npmjs.org/@types/file-loader/-/file-loader-4.2.0.tgz 1346ms
206 silly pacote tag manifest for @types/file-loader@ts3.6 fetched in 1492ms
207 http fetch GET 200 https://registry.npmjs.org/@types%2fget-value 104ms
208 http fetch GET 200 https://registry.npmjs.org/@types%2fget-intrinsic 128ms
209 silly fetchPackageMetaData error for @types/get-intrinsic@ts3.6 No matching version found for @types/get-intrinsic@ts3.6.
210 http fetch GET 304 https://registry.npmjs.org/@types%2fglob-parent 116ms (from cache)
211 silly pacote tag manifest for @types/glob-parent@ts3.6 fetched in 124ms
212 http fetch GET 200 https://registry.npmjs.org/@types/from2/-/from2-2.3.1.tgz 467ms
213 silly pacote tag manifest for @types/from2@ts3.6 fetched in 650ms
214 http fetch GET 200 https://registry.npmjs.org/@types%2fglobal-modules 128ms
215 http fetch GET 200 https://registry.npmjs.org/@types/flat-cache/-/flat-cache-2.0.0.tgz 1324ms
216 silly pacote tag manifest for @types/flat-cache@ts3.6 fetched in 1446ms
217 http fetch GET 200 https://registry.npmjs.org/@types/flush-write-stream/-/flush-write-stream-1.0.0.tgz 1346ms
218 silly pacote tag manifest for @types/flush-write-stream@ts3.6 fetched in 1475ms
219 http fetch GET 200 https://registry.npmjs.org/@types%2fglobal-prefix 137ms
220 http fetch GET 200 https://registry.npmjs.org/@types%2fgopd 108ms
221 silly fetchPackageMetaData error for @types/gopd@ts3.6 No matching version found for @types/gopd@ts3.6.
222 http fetch GET 200 https://registry.npmjs.org/@types%2fglobalthis 187ms
223 http fetch GET 304 https://registry.npmjs.org/@types%2fgraceful-fs 120ms (from cache)
224 silly pacote tag manifest for @types/graceful-fs@ts3.6 fetched in 124ms
225 http fetch GET 200 https://registry.npmjs.org/@types%2fhas 115ms
226 http fetch GET 200 https://registry.npmjs.org/@types/follow-redirects/-/follow-redirects-1.13.1.tgz 1348ms
227 silly pacote tag manifest for @types/follow-redirects@ts3.6 fetched in 1494ms
228 http fetch GET 200 https://registry.npmjs.org/@types%2fhas-bigints 110ms
229 silly fetchPackageMetaData error for @types/has-bigints@ts3.6 No matching version found for @types/has-bigints@ts3.6.
230 http fetch GET 200 https://registry.npmjs.org/@types/has/-/has-1.0.0.tgz 147ms
231 silly pacote tag manifest for @types/has@ts3.6 fetched in 273ms
232 http fetch GET 200 https://registry.npmjs.org/@types%2fhas-symbols 146ms
233 http fetch GET 200 https://registry.npmjs.org/@types%2fhas-property-descriptors 205ms
234 silly fetchPackageMetaData error for @types/has-property-descriptors@ts3.6 No matching version found for @types/has-property-descriptors@ts3.6.
235 http fetch GET 200 https://registry.npmjs.org/@types/global-modules/-/global-modules-2.0.0.tgz 482ms
236 silly pacote tag manifest for @types/global-modules@ts3.6 fetched in 621ms
237 http fetch GET 200 https://registry.npmjs.org/@types/global-prefix/-/global-prefix-3.0.0.tgz 433ms
238 http fetch GET 200 https://registry.npmjs.org/@types%2fhas-values 110ms
239 silly fetchPackageMetaData error for @types/has-values@ts3.6 No matching version found for @types/has-values@ts3.6.
240 silly pacote tag manifest for @types/global-prefix@ts3.6 fetched in 587ms
241 http fetch GET 200 https://registry.npmjs.org/@types/globalthis/-/globalthis-1.0.1.tgz 456ms
242 silly pacote tag manifest for @types/globalthis@ts3.6 fetched in 657ms
243 http fetch GET 200 https://registry.npmjs.org/@types%2fhex-color-regex 135ms
244 http fetch GET 200 https://registry.npmjs.org/@types%2fhe 167ms
245 http fetch GET 200 https://registry.npmjs.org/@types%2fhosted-git-info 133ms
246 http fetch GET 200 https://registry.npmjs.org/@types%2fhoist-non-react-statics 189ms
247 http fetch GET 200 https://registry.npmjs.org/@types%2fhtml-encoding-sniffer 149ms
248 http fetch GET 200 https://registry.npmjs.org/@types/fs-extra/-/fs-extra-9.0.6.tgz 1298ms
249 silly pacote tag manifest for @types/fs-extra@ts3.6 fetched in 1463ms
250 http fetch GET 200 https://registry.npmjs.org/@types/hoist-non-react-statics/-/hoist-non-react-statics-3.3.1.tgz 107ms
251 silly pacote tag manifest for @types/hoist-non-react-statics@ts3.6 fetched in 307ms
252 http fetch GET 200 https://registry.npmjs.org/@types%2fhtml-escaper 117ms
253 http fetch GET 200 https://registry.npmjs.org/@types/functional-red-black-tree/-/functional-red-black-tree-1.0.1.tgz 1301ms
254 silly pacote tag manifest for @types/functional-red-black-tree@ts3.6 fetched in 1437ms
255 http fetch GET 200 https://registry.npmjs.org/@types%2fhtml-minifier-terser 157ms
256 http fetch GET 200 https://registry.npmjs.org/@types/function-bind/-/function-bind-1.1.6.tgz 1335ms
257 silly pacote tag manifest for @types/function-bind@ts3.6 fetched in 1501ms
258 http fetch GET 304 https://registry.npmjs.org/@types%2fhttp-errors 114ms (from cache)
259 silly pacote tag manifest for @types/http-errors@ts3.6 fetched in 125ms
260 http fetch GET 200 https://registry.npmjs.org/@types/html-minifier-terser/-/html-minifier-terser-5.1.2.tgz 112ms
261 silly pacote tag manifest for @types/html-minifier-terser@ts3.6 fetched in 281ms
262 http fetch GET 200 https://registry.npmjs.org/@types%2fhttp-proxy 162ms
263 http fetch GET 200 https://registry.npmjs.org/@types%2ficss-utils 126ms
264 http fetch GET 200 https://registry.npmjs.org/@types/get-value/-/get-value-3.0.2.tgz 1346ms
265 http fetch GET 200 https://registry.npmjs.org/@types/html-encoding-sniffer/-/html-encoding-sniffer-2.0.2.tgz 441ms
266 silly pacote tag manifest for @types/get-value@ts3.6 fetched in 1469ms
267 silly pacote tag manifest for @types/html-encoding-sniffer@ts3.6 fetched in 609ms
268 http fetch GET 200 https://registry.npmjs.org/@types%2fidentity-obj-proxy 118ms
269 silly fetchPackageMetaData error for @types/identity-obj-proxy@ts3.6 No matching version found for @types/identity-obj-proxy@ts3.6.
270 http fetch GET 200 https://registry.npmjs.org/@types/http-proxy/-/http-proxy-1.17.7.tgz 150ms
271 silly pacote tag manifest for @types/http-proxy@ts3.6 fetched in 323ms
272 http fetch GET 200 https://registry.npmjs.org/@types/html-escaper/-/html-escaper-3.0.0.tgz 445ms
273 http fetch GET 200 https://registry.npmjs.org/@types%2fiferr 133ms
274 http fetch GET 200 https://registry.npmjs.org/@types%2fimport-local 133ms
275 silly fetchPackageMetaData error for @types/import-local@ts3.6 No matching version found for @types/import-local@ts3.6.
276 silly pacote tag manifest for @types/html-escaper@ts3.6 fetched in 585ms
277 http fetch GET 304 https://registry.npmjs.org/@types%2fimurmurhash 137ms (from cache)
278 silly pacote tag manifest for @types/imurmurhash@ts3.6 fetched in 144ms
279 http fetch GET 200 https://registry.npmjs.org/@types%2finflight 124ms
280 silly fetchPackageMetaData error for @types/inflight@ts3.6 No matching version found for @types/inflight@ts3.6.
281 http fetch GET 304 https://registry.npmjs.org/@types%2fini 122ms (from cache)
282 silly pacote tag manifest for @types/ini@ts3.6 fetched in 127ms
283 http fetch GET 200 https://registry.npmjs.org/@types%2finquirer 204ms
284 http fetch GET 304 https://registry.npmjs.org/@types%2finherits 235ms (from cache)
285 silly pacote tag manifest for @types/inherits@ts3.6 fetched in 243ms
286 http fetch GET 200 https://registry.npmjs.org/@types%2finternal-slot 166ms
287 http fetch GET 200 https://registry.npmjs.org/@types%2fip 140ms
288 http fetch GET 200 https://registry.npmjs.org/@types/icss-utils/-/icss-utils-4.1.0.tgz 444ms
289 silly pacote tag manifest for @types/icss-utils@ts3.6 fetched in 589ms
290 http fetch GET 200 https://registry.npmjs.org/@types/has-symbols/-/has-symbols-1.0.0.tgz 1211ms
291 silly pacote tag manifest for @types/has-symbols@ts3.6 fetched in 1370ms
292 http fetch GET 200 https://registry.npmjs.org/@types%2fis-arguments 110ms
293 http fetch GET 200 https://registry.npmjs.org/@types/inquirer/-/inquirer-7.3.3.tgz 153ms
294 silly pacote tag manifest for @types/inquirer@ts3.6 fetched in 369ms
295 http fetch GET 200 https://registry.npmjs.org/@types/ip/-/ip-1.1.0.tgz 142ms
296 http fetch GET 200 https://registry.npmjs.org/@types%2fis-bigint 121ms
297 silly fetchPackageMetaData error for @types/is-bigint@ts3.6 No matching version found for @types/is-bigint@ts3.6.
298 silly pacote tag manifest for @types/ip@ts3.6 fetched in 303ms
299 http fetch GET 200 https://registry.npmjs.org/@types%2fis-boolean-object 115ms
300 silly fetchPackageMetaData error for @types/is-boolean-object@ts3.6 No matching version found for @types/is-boolean-object@ts3.6.
301 http fetch GET 200 https://registry.npmjs.org/@types%2fis-buffer 119ms
302 http fetch GET 200 https://registry.npmjs.org/@types/hosted-git-info/-/hosted-git-info-3.0.2.tgz 1261ms
303 http fetch GET 200 https://registry.npmjs.org/@types%2fis-callable 146ms
304 http fetch GET 200 https://registry.npmjs.org/@types%2fis-core-module 140ms
305 silly pacote tag manifest for @types/hosted-git-info@ts3.6 fetched in 1439ms
306 http fetch GET 200 https://registry.npmjs.org/@types/hex-color-regex/-/hex-color-regex-1.1.1.tgz 1343ms
307 http fetch GET 304 https://registry.npmjs.org/@types%2fis-ci 182ms (from cache)
308 silly pacote tag manifest for @types/is-ci@ts3.6 fetched in 186ms
309 silly pacote tag manifest for @types/hex-color-regex@ts3.6 fetched in 1496ms
310 http fetch GET 200 https://registry.npmjs.org/@types/is-buffer/-/is-buffer-2.0.0.tgz 141ms
311 silly pacote tag manifest for @types/is-buffer@ts3.6 fetched in 271ms
312 http fetch GET 200 https://registry.npmjs.org/@types%2fis-data-descriptor 118ms
313 silly fetchPackageMetaData error for @types/is-data-descriptor@ts3.6 No matching version found for @types/is-data-descriptor@ts3.6.
314 http fetch GET 200 https://registry.npmjs.org/@types/he/-/he-1.1.2.tgz 1444ms
315 http fetch GET 200 https://registry.npmjs.org/@types%2fis-date-object 114ms
316 silly pacote tag manifest for @types/he@ts3.6 fetched in 1629ms
317 http fetch GET 304 https://registry.npmjs.org/@types%2fis-glob 137ms (from cache)
318 silly pacote tag manifest for @types/is-glob@ts3.6 fetched in 142ms
319 http fetch GET 304 https://registry.npmjs.org/@types%2fis-number 122ms (from cache)
320 silly pacote tag manifest for @types/is-number@ts3.6 fetched in 128ms
321 http fetch GET 200 https://registry.npmjs.org/@types/is-arguments/-/is-arguments-1.0.0.tgz 447ms
322 silly pacote tag manifest for @types/is-arguments@ts3.6 fetched in 569ms
323 http fetch GET 200 https://registry.npmjs.org/@types%2fis-regex 128ms
324 http fetch GET 200 https://registry.npmjs.org/@types%2fis-string 110ms
325 silly fetchPackageMetaData error for @types/is-string@ts3.6 No matching version found for @types/is-string@ts3.6.
326 http fetch GET 200 https://registry.npmjs.org/@types%2fis-symbol 150ms
327 silly fetchPackageMetaData error for @types/is-symbol@ts3.6 No matching version found for @types/is-symbol@ts3.6.
328 http fetch GET 304 https://registry.npmjs.org/@types%2fis-typedarray 161ms (from cache)
329 http fetch GET 200 https://registry.npmjs.org/@types%2fis-windows 131ms
330 silly pacote tag manifest for @types/is-typedarray@ts3.6 fetched in 167ms
331 http fetch GET 304 https://registry.npmjs.org/@types%2fisarray 129ms (from cache)
332 silly pacote tag manifest for @types/isarray@ts3.6 fetched in 134ms
333 http fetch GET 304 https://registry.npmjs.org/@types%2fisexe 110ms (from cache)
334 silly pacote tag manifest for @types/isexe@ts3.6 fetched in 115ms
335 http fetch GET 200 https://registry.npmjs.org/@types/is-core-module/-/is-core-module-2.2.0.tgz 484ms
336 http fetch GET 200 https://registry.npmjs.org/@types%2fistanbul-lib-coverage 134ms
337 silly pacote tag manifest for @types/is-core-module@ts3.6 fetched in 655ms
338 http fetch GET 200 https://registry.npmjs.org/@types/is-windows/-/is-windows-1.0.0.tgz 150ms
339 silly pacote tag manifest for @types/is-windows@ts3.6 fetched in 297ms
340 http fetch GET 200 https://registry.npmjs.org/@types%2fistanbul-lib-instrument 112ms
341 http fetch GET 200 https://registry.npmjs.org/@types%2fistanbul-lib-report 120ms
342 http fetch GET 200 https://registry.npmjs.org/@types%2fistanbul-lib-source-maps 144ms
343 http fetch GET 200 https://registry.npmjs.org/@types%2fistanbul-reports 140ms
344 http fetch GET 304 https://registry.npmjs.org/@types/istanbul-lib-coverage/-/istanbul-lib-coverage-2.0.3.tgz 188ms (from cache)
345 silly pacote tag manifest for @types/istanbul-lib-coverage@ts3.6 fetched in 337ms
346 http fetch GET 304 https://registry.npmjs.org/@types/istanbul-lib-report/-/istanbul-lib-report-3.0.0.tgz 135ms (from cache)
347 http fetch GET 200 https://registry.npmjs.org/@types/iferr/-/iferr-1.0.2.tgz 1313ms
348 silly pacote tag manifest for @types/istanbul-lib-report@ts3.6 fetched in 267ms
349 silly pacote tag manifest for @types/iferr@ts3.6 fetched in 1461ms
350 http fetch GET 200 https://registry.npmjs.org/@types/istanbul-reports/-/istanbul-reports-3.0.1.tgz 109ms
351 silly pacote tag manifest for @types/istanbul-reports@ts3.6 fetched in 260ms
352 http fetch GET 200 https://registry.npmjs.org/@types%2fjs-levenshtein 153ms
353 http fetch GET 200 https://registry.npmjs.org/@types%2fjs-yaml 144ms
354 http fetch GET 200 https://registry.npmjs.org/@types%2fjsdom 163ms
355 http fetch GET 200 https://registry.npmjs.org/@types/internal-slot/-/internal-slot-1.0.1.tgz 1244ms
356 silly pacote tag manifest for @types/internal-slot@ts3.6 fetched in 1426ms
357 http fetch GET 200 https://registry.npmjs.org/@types%2fjsesc 148ms
358 http fetch GET 200 https://registry.npmjs.org/@types%2fjson-parse-better-errors 120ms
359 http fetch GET 200 https://registry.npmjs.org/@types/json-parse-better-errors/-/json-parse-better-errors-1.0.0.tgz 143ms
360 silly pacote tag manifest for @types/json-parse-better-errors@ts3.6 fetched in 272ms
361 http fetch GET 200 https://registry.npmjs.org/@types/is-callable/-/is-callable-1.1.0.tgz 1291ms
362 http fetch GET 200 https://registry.npmjs.org/@types/js-levenshtein/-/js-levenshtein-1.1.0.tgz 437ms
363 silly pacote tag manifest for @types/is-callable@ts3.6 fetched in 1453ms
364 silly pacote tag manifest for @types/js-levenshtein@ts3.6 fetched in 604ms
365 http fetch GET 200 https://registry.npmjs.org/@types%2fjson-stable-stringify-without-jsonify 128ms
366 silly fetchPackageMetaData error for @types/json-stable-stringify-without-jsonify@ts3.6 No matching version found for @types/json-stable-stringify-without-jsonify@ts3.6.
367 http fetch GET 200 https://registry.npmjs.org/@types/jsesc/-/jsesc-3.0.1.tgz 474ms
368 silly pacote tag manifest for @types/jsesc@ts3.6 fetched in 637ms
369 http fetch GET 200 https://registry.npmjs.org/@types%2fjsonfile 129ms
370 http fetch GET 200 https://registry.npmjs.org/@types%2fjsx-ast-utils 125ms
371 silly fetchPackageMetaData error for @types/jsx-ast-utils@ts3.6 No matching version found for @types/jsx-ast-utils@ts3.6.
372 http fetch GET 200 https://registry.npmjs.org/@types%2fkind-of 120ms
373 http fetch GET 200 https://registry.npmjs.org/@types/is-date-object/-/is-date-object-1.0.1.tgz 1336ms
374 silly pacote tag manifest for @types/is-date-object@ts3.6 fetched in 1459ms
375 http fetch GET 200 https://registry.npmjs.org/@types%2floader-runner 99ms
376 http fetch GET 200 https://registry.npmjs.org/@types%2floader-utils 132ms
377 http fetch GET 200 https://registry.npmjs.org/@types/is-regex/-/is-regex-1.0.0.tgz 1353ms
378 silly pacote tag manifest for @types/is-regex@ts3.6 fetched in 1499ms
379 http fetch GET 200 https://registry.npmjs.org/@types/istanbul-lib-instrument/-/istanbul-lib-instrument-1.7.4.tgz 1310ms
380 http fetch GET 200 https://registry.npmjs.org/@types%2flodash 198ms
381 silly pacote tag manifest for @types/istanbul-lib-instrument@ts3.6 fetched in 1437ms
382 http fetch GET 200 https://registry.npmjs.org/@types/jsonfile/-/jsonfile-6.0.1.tgz 447ms
383 silly pacote tag manifest for @types/jsonfile@ts3.6 fetched in 588ms
384 http fetch GET 200 https://registry.npmjs.org/@types%2flodash.debounce 110ms
385 http fetch GET 200 https://registry.npmjs.org/@types%2flodash.memoize 116ms
386 http fetch GET 200 https://registry.npmjs.org/@types/istanbul-lib-source-maps/-/istanbul-lib-source-maps-4.0.1.tgz 1361ms
387 silly pacote tag manifest for @types/istanbul-lib-source-maps@ts3.6 fetched in 1515ms
388 http fetch GET 200 https://registry.npmjs.org/@types%2flodash.merge 111ms
389 http fetch GET 200 https://registry.npmjs.org/@types/jsdom/-/jsdom-16.2.13.tgz 1304ms
390 silly pacote tag manifest for @types/jsdom@ts3.6 fetched in 1480ms
391 http fetch GET 200 https://registry.npmjs.org/@types/js-yaml/-/js-yaml-4.0.2.tgz 1366ms
392 silly pacote tag manifest for @types/js-yaml@ts3.6 fetched in 1528ms
393 http fetch GET 200 https://registry.npmjs.org/@types%2flodash.template 114ms
394 http fetch GET 200 https://registry.npmjs.org/@types%2flodash.truncate 121ms
395 http fetch GET 200 https://registry.npmjs.org/@types/lodash.memoize/-/lodash.memoize-4.1.6.tgz 453ms
396 silly pacote tag manifest for @types/lodash.memoize@ts3.6 fetched in 581ms
397 http fetch GET 200 https://registry.npmjs.org/@types/lodash.merge/-/lodash.merge-4.6.6.tgz 428ms
398 silly pacote tag manifest for @types/lodash.merge@ts3.6 fetched in 550ms
399 http fetch GET 200 https://registry.npmjs.org/@types%2flodash.uniq 137ms
400 http fetch GET 200 https://registry.npmjs.org/@types%2fmakeerror 114ms
401 silly fetchPackageMetaData error for @types/makeerror@ts3.6 No matching version found for @types/makeerror@ts3.6.
402 http fetch GET 200 https://registry.npmjs.org/@types/kind-of/-/kind-of-6.0.0.tgz 1333ms
403 silly pacote tag manifest for @types/kind-of@ts3.6 fetched in 1463ms
404 http fetch GET 200 https://registry.npmjs.org/@types/lodash.truncate/-/lodash.truncate-4.4.6.tgz 439ms
405 http fetch GET 304 https://registry.npmjs.org/@types%2fmedia-typer 131ms (from cache)
406 silly pacote tag manifest for @types/lodash.truncate@ts3.6 fetched in 575ms
407 silly pacote tag manifest for @types/media-typer@ts3.6 fetched in 138ms
408 http fetch GET 200 https://registry.npmjs.org/@types/loader-runner/-/loader-runner-2.2.4.tgz 1328ms
409 silly pacote tag manifest for @types/loader-runner@ts3.6 fetched in 1434ms
410 http fetch GET 200 https://registry.npmjs.org/@types%2fmemorystream 109ms
411 http fetch GET 200 https://registry.npmjs.org/@types%2fmemory-fs 150ms
412 http fetch GET 200 https://registry.npmjs.org/@types%2fmerge-stream 96ms
413 http fetch GET 200 https://registry.npmjs.org/@types/loader-utils/-/loader-utils-2.0.1.tgz 1379ms
414 silly pacote tag manifest for @types/loader-utils@ts3.6 fetched in 1523ms
415 http fetch GET 304 https://registry.npmjs.org/@types%2fmerge-descriptors 205ms (from cache)
416 silly pacote tag manifest for @types/merge-descriptors@ts3.6 fetched in 209ms
417 http fetch GET 200 https://registry.npmjs.org/@types%2fmerge2 125ms
418 http fetch GET 200 https://registry.npmjs.org/@types%2flanguage-tags 1733ms
419 silly fetchPackageMetaData error for @types/language-tags@ts3.6 No matching version found for @types/language-tags@ts3.6.
420 http fetch GET 304 https://registry.npmjs.org/@types%2fmethods 126ms (from cache)
421 silly pacote tag manifest for @types/methods@ts3.6 fetched in 130ms
422 http fetch GET 200 https://registry.npmjs.org/@types%2fmicromatch 207ms
423 http fetch GET 200 https://registry.npmjs.org/@types/lodash/-/lodash-4.14.172.tgz 1525ms
424 http fetch GET 200 https://registry.npmjs.org/@types/lodash.debounce/-/lodash.debounce-4.0.6.tgz 1406ms
425 silly pacote tag manifest for @types/lodash@ts3.6 fetched in 1743ms
426 http fetch GET 304 https://registry.npmjs.org/@types%2fmime 211ms (from cache)
427 silly pacote tag manifest for @types/lodash.debounce@ts3.6 fetched in 1537ms
428 silly pacote tag manifest for @types/mime@ts3.6 fetched in 221ms
429 http fetch GET 200 https://registry.npmjs.org/@types/merge-stream/-/merge-stream-1.1.2.tgz 439ms
430 silly pacote tag manifest for @types/merge-stream@ts3.6 fetched in 544ms
431 http fetch GET 200 https://registry.npmjs.org/@types%2fmin-indent 111ms
432 http fetch GET 304 https://registry.npmjs.org/@types%2fmime-types 134ms (from cache)
433 http fetch GET 200 https://registry.npmjs.org/@types%2fmime-db 140ms
434 silly pacote tag manifest for @types/mime-types@ts3.6 fetched in 139ms
435 silly pacote tag manifest for @types/mime-db@ts3.6 fetched in 146ms
436 http fetch GET 200 https://registry.npmjs.org/@types%2fminimalistic-assert 120ms
437 http fetch GET 200 https://registry.npmjs.org/@types/lodash.template/-/lodash.template-4.5.0.tgz 1336ms
438 http fetch GET 304 https://registry.npmjs.org/@types%2fminimist 145ms (from cache)
439 http fetch GET 200 https://registry.npmjs.org/@types/min-indent/-/min-indent-1.0.0.tgz 165ms
440 silly pacote tag manifest for @types/minimist@ts3.6 fetched in 150ms
441 http fetch GET 304 https://registry.npmjs.org/@types%2fminizlib 150ms (from cache)
442 silly pacote tag manifest for @types/lodash.template@ts3.6 fetched in 1471ms
443 silly pacote tag manifest for @types/minizlib@ts3.6 fetched in 159ms
444 silly pacote tag manifest for @types/min-indent@ts3.6 fetched in 298ms
445 http fetch GET 200 https://registry.npmjs.org/@types%2fmove-concurrently 116ms
446 http fetch GET 200 https://registry.npmjs.org/@types%2fmute-stream 107ms
447 http fetch GET 200 https://registry.npmjs.org/@types%2fmulticast-dns 133ms
448 http fetch GET 200 https://registry.npmjs.org/@types/micromatch/-/micromatch-4.0.2.tgz 455ms
449 silly pacote tag manifest for @types/micromatch@ts3.6 fetched in 695ms
450 http fetch GET 304 https://registry.npmjs.org/@types%2fms 182ms (from cache)
451 silly pacote tag manifest for @types/ms@ts3.6 fetched in 186ms
452 http fetch GET 200 https://registry.npmjs.org/@types/lodash.uniq/-/lodash.uniq-4.5.6.tgz 1357ms
453 silly pacote tag manifest for @types/lodash.uniq@ts3.6 fetched in 1507ms
454 http fetch GET 200 https://registry.npmjs.org/@types%2fnatural-compare 148ms
455 http fetch GET 304 https://registry.npmjs.org/@types%2fnegotiator 137ms (from cache)
456 silly pacote tag manifest for @types/negotiator@ts3.6 fetched in 141ms
457 http fetch GET 200 https://registry.npmjs.org/@types%2fneo-async 110ms
458 silly fetchPackageMetaData error for @types/neo-async@ts3.6 No matching version found for @types/neo-async@ts3.6.
459 http fetch GET 200 https://registry.npmjs.org/@types%2fnext-tick 114ms
460 http fetch GET 200 https://registry.npmjs.org/@types/multicast-dns/-/multicast-dns-7.2.1.tgz 445ms
461 http fetch GET 200 https://registry.npmjs.org/@types/memory-fs/-/memory-fs-0.3.2.tgz 1326ms
462 http fetch GET 200 https://registry.npmjs.org/@types/move-concurrently/-/move-concurrently-1.0.4.tgz 477ms
463 http fetch GET 200 https://registry.npmjs.org/@types/next-tick/-/next-tick-1.0.0.tgz 150ms
464 silly pacote tag manifest for @types/multicast-dns@ts3.6 fetched in 607ms
465 silly pacote tag manifest for @types/memory-fs@ts3.6 fetched in 1503ms
466 silly pacote tag manifest for @types/move-concurrently@ts3.6 fetched in 621ms
467 silly pacote tag manifest for @types/next-tick@ts3.6 fetched in 289ms
468 http fetch GET 200 https://registry.npmjs.org/@types/memorystream/-/memorystream-0.3.0.tgz 1362ms
469 silly pacote tag manifest for @types/memorystream@ts3.6 fetched in 1484ms
470 http fetch GET 200 https://registry.npmjs.org/@types/merge2/-/merge2-1.3.1.tgz 1782ms
471 http fetch GET 200 https://registry.npmjs.org/@types/minimalistic-assert/-/minimalistic-assert-1.0.0.tgz 1388ms
472 silly pacote tag manifest for @types/merge2@ts3.6 fetched in 1920ms
473 silly pacote tag manifest for @types/minimalistic-assert@ts3.6 fetched in 1524ms
474 http fetch GET 200 https://registry.npmjs.org/@types/mute-stream/-/mute-stream-0.0.1.tgz 1288ms
475 silly pacote tag manifest for @types/mute-stream@ts3.6 fetched in 1407ms
476 http fetch GET 200 https://registry.npmjs.org/@types/natural-compare/-/natural-compare-1.4.1.tgz 1236ms
477 silly pacote tag manifest for @types/natural-compare@ts3.6 fetched in 1393ms
478 timing stage:rollbackFailedOptional Completed in 2ms
479 timing stage:runTopLevelLifecycles Completed in 14681ms
480 verbose type tag
481 verbose stack @types/core-util-is: No matching version found for @types/core-util-is@ts3.6.
481 verbose stack     at pickManifest (/usr/local/lib/node_modules/npm/node_modules/npm-pick-manifest/index.js:122:13)
481 verbose stack     at /usr/local/lib/node_modules/npm/node_modules/pacote/lib/fetchers/registry/manifest.js:24:14
481 verbose stack     at tryCatcher (/usr/local/lib/node_modules/npm/node_modules/bluebird/js/release/util.js:16:23)
481 verbose stack     at Promise._settlePromiseFromHandler (/usr/local/lib/node_modules/npm/node_modules/bluebird/js/release/promise.js:517:31)
481 verbose stack     at Promise._settlePromise (/usr/local/lib/node_modules/npm/node_modules/bluebird/js/release/promise.js:574:18)
481 verbose stack     at Promise._settlePromise0 (/usr/local/lib/node_modules/npm/node_modules/bluebird/js/release/promise.js:619:10)
481 verbose stack     at Promise._settlePromises (/usr/local/lib/node_modules/npm/node_modules/bluebird/js/release/promise.js:699:18)
481 verbose stack     at _drainQueueStep (/usr/local/lib/node_modules/npm/node_modules/bluebird/js/release/async.js:138:12)
481 verbose stack     at _drainQueue (/usr/local/lib/node_modules/npm/node_modules/bluebird/js/release/async.js:131:9)
481 verbose stack     at Async._drainQueues (/usr/local/lib/node_modules/npm/node_modules/bluebird/js/release/async.js:147:5)
481 verbose stack     at Immediate.Async.drainQueues [as _onImmediate] (/usr/local/lib/node_modules/npm/node_modules/bluebird/js/release/async.js:17:14)
481 verbose stack     at processImmediate (internal/timers.js:456:21)
482 verbose cwd /home/theia/.cache/typescript/3.6
483 verbose Linux 6.4.16-linuxkit
484 verbose argv "/usr/local/bin/node" "/usr/local/bin/npm" "install" "--ignore-scripts" "@types/react@ts3.6" "@types/react-dom@ts3.6" "@types/eslint-config-prettier@ts3.6" "@types/eslint-plugin-prettier@ts3.6" "@types/lint-staged@ts3.6" "@types/core-js@ts3.6" "@types/core-util-is@ts3.6" "@types/create-hash@ts3.6" "@types/create-hmac@ts3.6" "@types/cross-spawn@ts3.6" "@types/css@ts3.6" "@types/css-declaration-sorter@ts3.6" "@types/css-tree@ts3.6" "@types/css.escape@ts3.6" "@types/cssesc@ts3.6" "@types/csso@ts3.6" "@types/cssom@ts3.6" "@types/cssstyle@ts3.6" "@types/d@ts3.6" "@types/damerau-levenshtein@ts3.6" "@types/data-urls@ts3.6" "@types/debug@ts3.6" "@types/decode-uri-component@ts3.6" "@types/dedent@ts3.6" "@types/deep-equal@ts3.6" "@types/default-gateway@ts3.6" "@types/defaults@ts3.6" "@types/define-properties@ts3.6" "@types/depd@ts3.6" "@types/destroy@ts3.6" "@types/detect-node@ts3.6" "@types/diffie-hellman@ts3.6" "@types/dir-glob@ts3.6" "@types/dns-packet@ts3.6" "@types/dns-txt@ts3.6" "@types/doctrine@ts3.6" "@types/domexception@ts3.6" "@types/domutils@ts3.6" "@types/duplexify@ts3.6" "@types/ee-first@ts3.6" "@types/ejs@ts3.6" "@types/elliptic@ts3.6" "@types/encodeurl@ts3.6" "@types/end-of-stream@ts3.6" "@types/es-abstract@ts3.6" "@types/es-to-primitive@ts3.6" "@types/escape-html@ts3.6" "@types/escodegen@ts3.6" "@types/eslint@ts3.6" "@types/eslint-scope@ts3.6" "@types/eslint-utils@ts3.6" "@types/esprima@ts3.6" "@types/esquery@ts3.6" "@types/estraverse@ts3.6" "@types/esutils@ts3.6" "@types/etag@ts3.6" "@types/events@ts3.6" "@types/eventsource@ts3.6" "@types/exit@ts3.6" "@types/fast-levenshtein@ts3.6" "@types/fb-watchman@ts3.6" "@types/file-entry-cache@ts3.6" "@types/file-loader@ts3.6" "@types/fill-range@ts3.6" "@types/finalhandler@ts3.6" "@types/flat-cache@ts3.6" "@types/flush-write-stream@ts3.6" "@types/follow-redirects@ts3.6" "@types/for-each@ts3.6" "@types/forwarded@ts3.6" "@types/fresh@ts3.6" "@types/from2@ts3.6" "@types/fs-extra@ts3.6" "@types/fs-minipass@ts3.6" "@types/function-bind@ts3.6" "@types/function.prototype.name@ts3.6" "@types/functional-red-black-tree@ts3.6" "@types/functions-have-names@ts3.6" "@types/gensync@ts3.6" "@types/get-intrinsic@ts3.6" "@types/get-value@ts3.6" "@types/glob-parent@ts3.6" "@types/global-modules@ts3.6" "@types/global-prefix@ts3.6" "@types/globalthis@ts3.6" "@types/gopd@ts3.6" "@types/graceful-fs@ts3.6" "@types/has@ts3.6" "@types/has-bigints@ts3.6" "@types/has-property-descriptors@ts3.6" "@types/has-symbols@ts3.6" "@types/has-values@ts3.6" "@types/he@ts3.6" "@types/hex-color-regex@ts3.6" "@types/hoist-non-react-statics@ts3.6" "@types/hosted-git-info@ts3.6" "@types/html-encoding-sniffer@ts3.6" "@types/html-escaper@ts3.6" "@types/html-minifier-terser@ts3.6" "@types/http-errors@ts3.6" "@types/http-proxy@ts3.6" "@types/icss-utils@ts3.6" "@types/identity-obj-proxy@ts3.6" "@types/iferr@ts3.6" "@types/import-local@ts3.6" "@types/imurmurhash@ts3.6" "@types/inflight@ts3.6" "@types/inherits@ts3.6" "@types/ini@ts3.6" "@types/inquirer@ts3.6" "@types/internal-slot@ts3.6" "@types/ip@ts3.6" "@types/is-arguments@ts3.6" "@types/is-bigint@ts3.6" "@types/is-boolean-object@ts3.6" "@types/is-buffer@ts3.6" "@types/is-callable@ts3.6" "@types/is-ci@ts3.6" "@types/is-core-module@ts3.6" "@types/is-data-descriptor@ts3.6" "@types/is-date-object@ts3.6" "@types/is-glob@ts3.6" "@types/is-number@ts3.6" "@types/is-regex@ts3.6" "@types/is-string@ts3.6" "@types/is-symbol@ts3.6" "@types/is-typedarray@ts3.6" "@types/is-windows@ts3.6" "@types/isarray@ts3.6" "@types/isexe@ts3.6" "@types/istanbul-lib-coverage@ts3.6" "@types/istanbul-lib-instrument@ts3.6" "@types/istanbul-lib-report@ts3.6" "@types/istanbul-lib-source-maps@ts3.6" "@types/istanbul-reports@ts3.6" "@types/js-levenshtein@ts3.6" "@types/js-yaml@ts3.6" "@types/jsdom@ts3.6" "@types/jsesc@ts3.6" "@types/json-parse-better-errors@ts3.6" "@types/json-stable-stringify-without-jsonify@ts3.6" "@types/jsonfile@ts3.6" "@types/jsx-ast-utils@ts3.6" "@types/kind-of@ts3.6" "@types/language-tags@ts3.6" "@types/loader-runner@ts3.6" "@types/loader-utils@ts3.6" "@types/lodash@ts3.6" "@types/lodash.debounce@ts3.6" "@types/lodash.memoize@ts3.6" "@types/lodash.merge@ts3.6" "@types/lodash.template@ts3.6" "@types/lodash.truncate@ts3.6" "@types/lodash.uniq@ts3.6" "@types/makeerror@ts3.6" "@types/media-typer@ts3.6" "@types/memory-fs@ts3.6" "@types/memorystream@ts3.6" "@types/merge-descriptors@ts3.6" "@types/merge-stream@ts3.6" "@types/merge2@ts3.6" "@types/methods@ts3.6" "@types/micromatch@ts3.6" "@types/mime@ts3.6" "@types/mime-db@ts3.6" "@types/mime-types@ts3.6" "@types/min-indent@ts3.6" "@types/minimalistic-assert@ts3.6" "@types/minimist@ts3.6" "@types/minizlib@ts3.6" "@types/move-concurrently@ts3.6" "@types/ms@ts3.6" "@types/multicast-dns@ts3.6" "@types/mute-stream@ts3.6" "@types/natural-compare@ts3.6" "@types/negotiator@ts3.6" "@types/neo-async@ts3.6" "@types/next-tick@ts3.6" "--save-dev" "--user-agent=typesInstaller/3.6.3"
485 verbose node v12.18.3
486 verbose npm  v6.14.6
487 error code ETARGET
488 error notarget No matching version found for @types/core-util-is@ts3.6.
489 error notarget In most cases you or one of your dependencies are requesting
489 error notarget a package version that doesn't exist.
490 verbose exit [ 1, true ]
